1535455811654:	lab5: put 1, buf:  
1535455816616:	lab5: put 1, buf:  
RPC STATS: 1:2 6001:2 6002:1 
1535455816618:	get 1 
1535455816619:	getattr 1 
1535455816620:	lab5: put 1, buf: da17502:279088548, 
1535455816622:	get 1 
1535455816623:	getattr 1 
RPC STATS: 1:2 6001:3 6002:3 6003:2 
1535455816624:	get 1 
1535455816624:	getattr 1 
1535455816627:	lab5: put 279088548, buf:  
1535455816629:	getattr 279088548 
1535455817631:	lab5: put 1, buf: da17502:279088548,db17502:1381836593, 
RPC STATS: 1:2 6001:5 6002:4 6003:4 
1535455817633:	get 1 
1535455817633:	getattr 1 
1535455817634:	get 1 
1535455817635:	getattr 1 
1535455817636:	getattr 279088548 
RPC STATS: 1:2 6001:5 6002:6 6003:7 
1535455817637:	get 279088548 
1535455817640:	get 1 
1535455817640:	getattr 1 
1535455817641:	get 1 
1535455817642:	getattr 1 
RPC STATS: 1:2 6001:5 6002:9 6003:9 
1535455817644:	get 1 
1535455817645:	getattr 1 
1535455817646:	get 1 
1535455817646:	getattr 1 
1535455817648:	get 1 
RPC STATS: 1:2 6001:5 6002:11 6003:12 
1535455817649:	getattr 1 
1535455817650:	get 1 
1535455817650:	getattr 1 
1535455817652:	get 1 
1535455817653:	getattr 1 
RPC STATS: 1:2 6001:5 6002:14 6003:14 
1535455817654:	get 1 
1535455817654:	getattr 1 
1535455817656:	get 1 
1535455817656:	getattr 1 
1535455817657:	get 1 
RPC STATS: 1:2 6001:5 6002:16 6003:17 
1535455817657:	getattr 1 
1535455817659:	get 1 
1535455817659:	getattr 1 
1535455817660:	get 1 
1535455817661:	getattr 1 
RPC STATS: 1:2 6001:5 6002:19 6003:19 
1535455817663:	get 1 
1535455817663:	getattr 1 
1535455817664:	get 1 
1535455817664:	getattr 1 
1535455817666:	get 1 
RPC STATS: 1:2 6001:5 6002:21 6003:22 
1535455817666:	getattr 1 
1535455817667:	get 1 
1535455817667:	getattr 1 
1535455817669:	get 1 
1535455817669:	getattr 1 
RPC STATS: 1:2 6001:5 6002:24 6003:24 
1535455817669:	get 1 
1535455817670:	getattr 1 
1535455817671:	get 1 
1535455817672:	getattr 1 
1535455817672:	get 1 
RPC STATS: 1:2 6001:5 6002:26 6003:27 
1535455817673:	getattr 1 
1535455817674:	get 1 
1535455817674:	getattr 1 
1535455817675:	get 1 
1535455817675:	getattr 1 
RPC STATS: 1:2 6001:5 6002:29 6003:29 
1535455817677:	get 1 
1535455817677:	getattr 1 
1535455817678:	get 1 
1535455817678:	getattr 1 
1535455817680:	get 1 
RPC STATS: 1:2 6001:5 6002:31 6003:32 
1535455817680:	getattr 1 
1535455817681:	get 1 
1535455817681:	getattr 1 
1535455817683:	get 1 
1535455817683:	getattr 1 
RPC STATS: 1:2 6001:5 6002:34 6003:34 
1535455817684:	get 1 
1535455817684:	getattr 1 
1535455817686:	get 1 
1535455817686:	getattr 1 
1535455817687:	get 1 
RPC STATS: 1:2 6001:5 6002:36 6003:37 
1535455817687:	getattr 1 
1535455817689:	get 1 
1535455817689:	getattr 1 
1535455817690:	get 1 
1535455817690:	getattr 1 
RPC STATS: 1:2 6001:5 6002:39 6003:39 
1535455817692:	get 1 
1535455817692:	getattr 1 
1535455817693:	get 1 
1535455817693:	getattr 1 
1535455817695:	get 1 
RPC STATS: 1:2 6001:5 6002:41 6003:42 
1535455817695:	getattr 1 
1535455817696:	get 1 
1535455817696:	getattr 1 
1535455817698:	get 1 
1535455817698:	getattr 1 
RPC STATS: 1:2 6001:5 6002:44 6003:44 
1535455817699:	get 1 
1535455817699:	getattr 1 
1535455817701:	get 1 
1535455817701:	getattr 1 
1535455817702:	get 1 
RPC STATS: 1:2 6001:5 6002:46 6003:47 
1535455817702:	getattr 1 
1535455817704:	get 1 
1535455817704:	getattr 1 
1535455817705:	get 1 
1535455817705:	getattr 1 
RPC STATS: 1:2 6001:5 6002:49 6003:49 
1535455817707:	get 1 
1535455817707:	getattr 1 
1535455817708:	get 1 
1535455817708:	getattr 1 
1535455817710:	get 1 
RPC STATS: 1:2 6001:5 6002:51 6003:52 
1535455817710:	getattr 1 
1535455817710:	get 1 
1535455817711:	getattr 1 
1535455817713:	get 1 
1535455817713:	getattr 1 
RPC STATS: 1:2 6001:5 6002:54 6003:54 
1535455817714:	get 1 
1535455817714:	getattr 1 
1535455817716:	get 1 
1535455817716:	getattr 1 
1535455817717:	get 1 
RPC STATS: 1:2 6001:5 6002:56 6003:57 
1535455817717:	getattr 1 
1535455817719:	get 1 
1535455817719:	getattr 1 
1535455817720:	get 1 
1535455817720:	getattr 1 
RPC STATS: 1:2 6001:5 6002:59 6003:59 
1535455817722:	get 1 
1535455817722:	getattr 1 
1535455817723:	get 1 
1535455817723:	getattr 1 
1535455817725:	get 1 
RPC STATS: 1:2 6001:5 6002:61 6003:62 
1535455817725:	getattr 1 
1535455817726:	get 1 
1535455817726:	getattr 1 
1535455817728:	get 1 
1535455817728:	getattr 1 
RPC STATS: 1:2 6001:5 6002:64 6003:64 
1535455817729:	get 1 
1535455817729:	getattr 1 
1535455817731:	get 1 
1535455817731:	getattr 1 
1535455817732:	get 1 
RPC STATS: 1:2 6001:5 6002:66 6003:67 
1535455817732:	getattr 1 
1535455817734:	get 1 
1535455817734:	getattr 1 
1535455817735:	get 1 
1535455817735:	getattr 1 
RPC STATS: 1:2 6001:5 6002:69 6003:69 
1535455817737:	get 1 
1535455817737:	getattr 1 
1535455817738:	get 1 
1535455817738:	getattr 1 
1535455817740:	get 1 
RPC STATS: 1:2 6001:5 6002:71 6003:72 
1535455817740:	getattr 1 
1535455817741:	get 1 
1535455817741:	getattr 1 
1535455817743:	get 1 
1535455817743:	getattr 1 
RPC STATS: 1:2 6001:5 6002:74 6003:74 
1535455817744:	get 1 
1535455817744:	getattr 1 
1535455817746:	get 1 
1535455817746:	getattr 1 
1535455817747:	get 1 
RPC STATS: 1:2 6001:5 6002:76 6003:77 
1535455817747:	getattr 1 
1535455817749:	get 1 
1535455817749:	getattr 1 
1535455817750:	get 1 
1535455817750:	getattr 1 
RPC STATS: 1:2 6001:5 6002:79 6003:79 
1535455817752:	get 1 
1535455817752:	getattr 1 
1535455817752:	get 1 
1535455817753:	getattr 1 
1535455817755:	get 1 
RPC STATS: 1:2 6001:5 6002:81 6003:82 
1535455817755:	getattr 1 
1535455817756:	get 1 
1535455817756:	getattr 1 
1535455817758:	get 1 
1535455817758:	getattr 1 
RPC STATS: 1:2 6001:5 6002:84 6003:84 
1535455817759:	get 1 
1535455817759:	getattr 1 
1535455817761:	get 1 
1535455817761:	getattr 1 
1535455817762:	get 1 
RPC STATS: 1:2 6001:5 6002:86 6003:87 
1535455817762:	getattr 1 
1535455817764:	get 1 
1535455817764:	getattr 1 
1535455817765:	get 1 
1535455817765:	getattr 1 
RPC STATS: 1:2 6001:5 6002:89 6003:89 
1535455817767:	get 1 
1535455817767:	getattr 1 
1535455817768:	get 1 
1535455817768:	getattr 1 
1535455817770:	get 1 
RPC STATS: 1:2 6001:5 6002:91 6003:92 
1535455817770:	getattr 1 
1535455817771:	get 1 
1535455817771:	getattr 1 
1535455817773:	get 1 
1535455817773:	getattr 1 
RPC STATS: 1:2 6001:5 6002:94 6003:94 
1535455817774:	get 1 
1535455817774:	getattr 1 
1535455817776:	get 1 
1535455817776:	getattr 1 
1535455817777:	get 1 
RPC STATS: 1:2 6001:5 6002:96 6003:97 
1535455817777:	getattr 1 
1535455817779:	get 1 
1535455817779:	getattr 1 
1535455817780:	get 1 
1535455817780:	getattr 1 
RPC STATS: 1:2 6001:5 6002:99 6003:99 
1535455817782:	get 1 
1535455817782:	getattr 1 
1535455817783:	get 1 
1535455817783:	getattr 1 
1535455817786:	get 1 
RPC STATS: 1:2 6001:5 6002:101 6003:102 
1535455817786:	getattr 1 
1535455817787:	get 1 
1535455817787:	getattr 1 
1535455817789:	get 1 
1535455817790:	getattr 1 
RPC STATS: 1:2 6001:5 6002:104 6003:104 
1535455817790:	get 1 
1535455817791:	getattr 1 
1535455817793:	get 1 
1535455817793:	getattr 1 
1535455817794:	get 1 
RPC STATS: 1:2 6001:5 6002:106 6003:107 
1535455817794:	getattr 1 
1535455817796:	get 1 
1535455817796:	getattr 1 
1535455817797:	get 1 
1535455817797:	getattr 1 
RPC STATS: 1:2 6001:5 6002:109 6003:109 
1535455817799:	get 1 
1535455817799:	getattr 1 
1535455817800:	get 1 
1535455817800:	getattr 1 
1535455817802:	get 1 
RPC STATS: 1:2 6001:5 6002:111 6003:112 
1535455817802:	getattr 1 
1535455817803:	get 1 
1535455817803:	getattr 1 
1535455817805:	get 1 
1535455817806:	getattr 1 
RPC STATS: 1:2 6001:5 6002:114 6003:114 
1535455817806:	get 1 
1535455817807:	getattr 1 
1535455817809:	get 1 
1535455817809:	getattr 1 
1535455817809:	get 1 
RPC STATS: 1:2 6001:5 6002:116 6003:117 
1535455817810:	getattr 1 
1535455817812:	get 1 
1535455817812:	getattr 1 
1535455817812:	get 1 
1535455817813:	getattr 1 
RPC STATS: 1:2 6001:5 6002:119 6003:119 
1535455817815:	get 1 
1535455817815:	getattr 1 
1535455817816:	get 1 
1535455817816:	getattr 1 
1535455817818:	get 1 
RPC STATS: 1:2 6001:5 6002:121 6003:122 
1535455817818:	getattr 1 
1535455817819:	get 1 
1535455817819:	getattr 1 
1535455817821:	get 1 
1535455817822:	getattr 1 
RPC STATS: 1:2 6001:5 6002:124 6003:124 
1535455817822:	get 1 
1535455817823:	getattr 1 
1535455817825:	get 1 
1535455817825:	getattr 1 
1535455817826:	get 1 
RPC STATS: 1:2 6001:5 6002:126 6003:127 
1535455817826:	getattr 1 
1535455817828:	get 1 
1535455817828:	getattr 1 
1535455817829:	get 1 
1535455817829:	getattr 1 
RPC STATS: 1:2 6001:5 6002:129 6003:129 
1535455817831:	get 1 
1535455817831:	getattr 1 
1535455817832:	get 1 
1535455817832:	getattr 1 
1535455817835:	get 1 
RPC STATS: 1:2 6001:5 6002:131 6003:132 
1535455817835:	getattr 1 
1535455817836:	get 1 
1535455817836:	getattr 1 
1535455817838:	get 1 
1535455817838:	getattr 1 
RPC STATS: 1:2 6001:5 6002:134 6003:134 
1535455817839:	get 1 
1535455817839:	getattr 1 
1535455817841:	get 1 
1535455817842:	getattr 1 
1535455817842:	get 1 
RPC STATS: 1:2 6001:5 6002:136 6003:137 
1535455817843:	getattr 1 
1535455817845:	get 1 
1535455817845:	getattr 1 
1535455817846:	get 1 
1535455817846:	getattr 1 
RPC STATS: 1:2 6001:5 6002:139 6003:139 
1535455817848:	get 1 
1535455817848:	getattr 1 
1535455817849:	get 1 
1535455817849:	getattr 1 
1535455817851:	get 1 
RPC STATS: 1:2 6001:5 6002:141 6003:142 
1535455817851:	getattr 1 
1535455817852:	get 1 
1535455817852:	getattr 1 
1535455817854:	get 1 
1535455817854:	getattr 1 
RPC STATS: 1:2 6001:5 6002:144 6003:144 
1535455817855:	get 1 
1535455817855:	getattr 1 
1535455817858:	get 1 
1535455817858:	getattr 1 
1535455817859:	get 1 
RPC STATS: 1:2 6001:5 6002:146 6003:147 
1535455817859:	getattr 1 
1535455817861:	get 1 
1535455817861:	getattr 1 
1535455817862:	get 1 
1535455817862:	getattr 1 
RPC STATS: 1:2 6001:5 6002:149 6003:149 
1535455817864:	get 1 
1535455817864:	getattr 1 
1535455817865:	get 1 
1535455817865:	getattr 1 
1535455817867:	get 1 
RPC STATS: 1:2 6001:5 6002:151 6003:152 
1535455817867:	getattr 1 
1535455817868:	get 1 
1535455817868:	getattr 1 
1535455817870:	get 1 
1535455817870:	getattr 1 
RPC STATS: 1:2 6001:5 6002:154 6003:154 
1535455817871:	get 1 
1535455817871:	getattr 1 
1535455817874:	get 1 
1535455817874:	getattr 1 
1535455817874:	get 1 
RPC STATS: 1:2 6001:5 6002:156 6003:157 
1535455817875:	getattr 1 
1535455817877:	get 1 
1535455817877:	getattr 1 
1535455817878:	get 1 
1535455817878:	getattr 1 
RPC STATS: 1:2 6001:5 6002:159 6003:159 
1535455817880:	get 1 
1535455817880:	getattr 1 
1535455817881:	get 1 
1535455817881:	getattr 1 
1535455817883:	get 1 
RPC STATS: 1:2 6001:5 6002:161 6003:162 
1535455817884:	getattr 1 
1535455817884:	get 1 
1535455817884:	getattr 1 
1535455817887:	get 1 
1535455817887:	getattr 1 
RPC STATS: 1:2 6001:5 6002:164 6003:164 
1535455817888:	get 1 
1535455817888:	getattr 1 
1535455817890:	get 1 
1535455817891:	getattr 1 
1535455817891:	get 1 
RPC STATS: 1:2 6001:5 6002:166 6003:167 
1535455817891:	getattr 1 
1535455817894:	get 1 
1535455817894:	getattr 1 
1535455817895:	get 1 
1535455817895:	getattr 1 
RPC STATS: 1:2 6001:5 6002:169 6003:169 
1535455817897:	get 1 
1535455817897:	getattr 1 
1535455817898:	get 1 
1535455817899:	getattr 1 
1535455817901:	get 1 
RPC STATS: 1:2 6001:5 6002:171 6003:172 
1535455817901:	getattr 1 
1535455817902:	get 1 
1535455817902:	getattr 1 
1535455817904:	get 1 
1535455817904:	getattr 1 
RPC STATS: 1:2 6001:5 6002:174 6003:174 
1535455817905:	get 1 
1535455817905:	getattr 1 
1535455817907:	get 1 
1535455817907:	getattr 1 
1535455817908:	get 1 
RPC STATS: 1:2 6001:5 6002:176 6003:177 
1535455817908:	getattr 1 
1535455817911:	get 1 
1535455817911:	getattr 1 
1535455817911:	get 1 
1535455817912:	getattr 1 
RPC STATS: 1:2 6001:5 6002:179 6003:179 
1535455817914:	get 1 
1535455817914:	getattr 1 
1535455817915:	get 1 
1535455817915:	getattr 1 
1535455817917:	get 1 
RPC STATS: 1:2 6001:5 6002:181 6003:182 
1535455817918:	getattr 1 
1535455817918:	get 1 
1535455817919:	getattr 1 
1535455817921:	get 1 
1535455817921:	getattr 1 
RPC STATS: 1:2 6001:5 6002:184 6003:184 
1535455817922:	get 1 
1535455817922:	getattr 1 
1535455817924:	get 1 
1535455817924:	getattr 1 
1535455817925:	get 1 
RPC STATS: 1:2 6001:5 6002:186 6003:187 
1535455817925:	getattr 1 
1535455817927:	get 1 
1535455817927:	getattr 1 
1535455817928:	get 1 
1535455817928:	getattr 1 
RPC STATS: 1:2 6001:5 6002:189 6003:189 
1535455817930:	get 1 
1535455817930:	getattr 1 
1535455817931:	get 1 
1535455817931:	getattr 1 
1535455817934:	get 1 
RPC STATS: 1:2 6001:5 6002:191 6003:192 
1535455817934:	getattr 1 
1535455817935:	get 1 
1535455817935:	getattr 1 
1535455817937:	get 1 
1535455817937:	getattr 1 
RPC STATS: 1:2 6001:5 6002:194 6003:194 
1535455817938:	get 1 
1535455817938:	getattr 1 
1535455817940:	get 1 
1535455817941:	getattr 1 
1535455817941:	get 1 
RPC STATS: 1:2 6001:5 6002:196 6003:197 
1535455817942:	getattr 1 
1535455817944:	get 1 
1535455817944:	getattr 1 
1535455817945:	get 1 
1535455817945:	getattr 1 
RPC STATS: 1:2 6001:5 6002:199 6003:199 
1535455818949:	get 1 
1535455818950:	getattr 1 
1535455818954:	get 1 
1535455818954:	getattr 1 
1535455818955:	get 1 
RPC STATS: 1:2 6001:5 6002:201 6003:202 
1535455818956:	getattr 1 
1535455818958:	get 1 
1535455818959:	getattr 1 
1535455818960:	get 1 
1535455818960:	getattr 1 
RPC STATS: 1:2 6001:5 6002:204 6003:204 
1535455818962:	get 1 
1535455818962:	getattr 1 
1535455818963:	get 1 
1535455818963:	getattr 1 
1535455818965:	get 1 
RPC STATS: 1:2 6001:5 6002:206 6003:207 
1535455818965:	getattr 1 
1535455818966:	get 1 
1535455818967:	getattr 1 
1535455818968:	get 1 
1535455818969:	getattr 1 
RPC STATS: 1:2 6001:5 6002:209 6003:209 
1535455818970:	get 1 
1535455818970:	getattr 1 
1535455818971:	get 1 
1535455818972:	getattr 1 
1535455818973:	get 1 
RPC STATS: 1:2 6001:5 6002:211 6003:212 
1535455818973:	getattr 1 
1535455818974:	get 1 
1535455818975:	getattr 1 
1535455818975:	get 1 
1535455818976:	getattr 1 
RPC STATS: 1:2 6001:5 6002:214 6003:214 
1535455818977:	get 1 
1535455818977:	getattr 1 
1535455818978:	get 1 
1535455818978:	getattr 1 
1535455818979:	get 1 
RPC STATS: 1:2 6001:5 6002:216 6003:217 
1535455818980:	getattr 1 
1535455818981:	get 1 
1535455818981:	getattr 1 
1535455818982:	get 1 
1535455818982:	getattr 1 
RPC STATS: 1:2 6001:5 6002:219 6003:219 
1535455818983:	get 1 
1535455818983:	getattr 1 
1535455818985:	get 1 
1535455818985:	getattr 1 
1535455818986:	get 1 
RPC STATS: 1:2 6001:5 6002:221 6003:222 
1535455818986:	getattr 1 
1535455818987:	get 1 
1535455818987:	getattr 1 
1535455818988:	get 1 
1535455818988:	getattr 1 
RPC STATS: 1:2 6001:5 6002:224 6003:224 
1535455818990:	get 1 
1535455818990:	getattr 1 
1535455818991:	get 1 
1535455818991:	getattr 1 
1535455818992:	get 1 
RPC STATS: 1:2 6001:5 6002:226 6003:227 
1535455818992:	getattr 1 
1535455818993:	get 1 
1535455818993:	getattr 1 
1535455818994:	get 1 
1535455818995:	getattr 1 
RPC STATS: 1:2 6001:5 6002:229 6003:229 
1535455818995:	get 1 
1535455818996:	getattr 1 
1535455818997:	get 1 
1535455818997:	getattr 1 
1535455818998:	get 1 
RPC STATS: 1:2 6001:5 6002:231 6003:232 
1535455818998:	getattr 1 
1535455819000:	get 1 
1535455819000:	getattr 1 
1535455819000:	get 1 
1535455819001:	getattr 1 
RPC STATS: 1:2 6001:5 6002:234 6003:234 
1535455819002:	get 1 
1535455819002:	getattr 1 
1535455819003:	get 1 
1535455819003:	getattr 1 
1535455819004:	get 1 
RPC STATS: 1:2 6001:5 6002:236 6003:237 
1535455819005:	getattr 1 
1535455819005:	get 1 
1535455819006:	getattr 1 
1535455819007:	get 1 
1535455819007:	getattr 1 
RPC STATS: 1:2 6001:5 6002:239 6003:239 
1535455819008:	get 1 
1535455819008:	getattr 1 
1535455819009:	get 1 
1535455819009:	getattr 1 
1535455819010:	get 1 
RPC STATS: 1:2 6001:5 6002:241 6003:242 
1535455819010:	getattr 1 
1535455819012:	get 1 
1535455819012:	getattr 1 
1535455819013:	get 1 
1535455819013:	getattr 1 
RPC STATS: 1:2 6001:5 6002:244 6003:244 
1535455819014:	get 1 
1535455819014:	getattr 1 
1535455819015:	get 1 
1535455819015:	getattr 1 
1535455819016:	get 1 
RPC STATS: 1:2 6001:5 6002:246 6003:247 
1535455819017:	getattr 1 
1535455819017:	get 1 
1535455819018:	getattr 1 
1535455819019:	get 1 
1535455819019:	getattr 1 
RPC STATS: 1:2 6001:5 6002:249 6003:249 
1535455819020:	get 1 
1535455819020:	getattr 1 
1535455819021:	get 1 
1535455819022:	getattr 1 
1535455819022:	get 1 
RPC STATS: 1:2 6001:5 6002:251 6003:252 
1535455819023:	getattr 1 
1535455819024:	get 1 
1535455819024:	getattr 1 
1535455819025:	get 1 
1535455819025:	getattr 1 
RPC STATS: 1:2 6001:5 6002:254 6003:254 
1535455819026:	get 1 
1535455819026:	getattr 1 
1535455819027:	get 1 
1535455819027:	getattr 1 
1535455819029:	get 1 
RPC STATS: 1:2 6001:5 6002:256 6003:257 
1535455819029:	getattr 1 
1535455819029:	get 1 
1535455819030:	getattr 1 
1535455819031:	get 1 
1535455819031:	getattr 1 
RPC STATS: 1:2 6001:5 6002:259 6003:259 
1535455819032:	get 1 
1535455819032:	getattr 1 
1535455819034:	get 1 
1535455819034:	getattr 1 
1535455819035:	get 1 
RPC STATS: 1:2 6001:5 6002:261 6003:262 
1535455819035:	getattr 1 
1535455819036:	get 1 
1535455819036:	getattr 1 
1535455819037:	get 1 
1535455819037:	getattr 1 
RPC STATS: 1:2 6001:5 6002:264 6003:264 
1535455819038:	get 1 
1535455819039:	getattr 1 
1535455819039:	get 1 
1535455819039:	getattr 1 
1535455819041:	get 1 
RPC STATS: 1:2 6001:5 6002:266 6003:267 
1535455819041:	getattr 1 
1535455819042:	get 1 
1535455819042:	getattr 1 
1535455819043:	get 1 
1535455819043:	getattr 1 
RPC STATS: 1:2 6001:5 6002:269 6003:269 
1535455819044:	get 1 
1535455819044:	getattr 1 
1535455819045:	get 1 
1535455819046:	getattr 1 
1535455819046:	get 1 
RPC STATS: 1:2 6001:5 6002:271 6003:272 
1535455819047:	getattr 1 
1535455819048:	get 1 
1535455819048:	getattr 1 
1535455819049:	get 1 
1535455819049:	getattr 1 
RPC STATS: 1:2 6001:5 6002:274 6003:274 
1535455819050:	get 1 
1535455819050:	getattr 1 
1535455819051:	get 1 
1535455819051:	getattr 1 
1535455819052:	get 1 
RPC STATS: 1:2 6001:5 6002:276 6003:277 
1535455819053:	getattr 1 
1535455819053:	get 1 
1535455819053:	getattr 1 
1535455819055:	get 1 
1535455819055:	getattr 1 
RPC STATS: 1:2 6001:5 6002:279 6003:279 
1535455819056:	get 1 
1535455819056:	getattr 1 
1535455819057:	get 1 
1535455819057:	getattr 1 
1535455819058:	get 1 
RPC STATS: 1:2 6001:5 6002:281 6003:282 
1535455819058:	getattr 1 
1535455819060:	get 1 
1535455819060:	getattr 1 
1535455819061:	get 1 
1535455819061:	getattr 1 
RPC STATS: 1:2 6001:5 6002:284 6003:284 
1535455819062:	get 1 
1535455819062:	getattr 1 
1535455819063:	get 1 
1535455819063:	getattr 1 
1535455819065:	get 1 
RPC STATS: 1:2 6001:5 6002:286 6003:287 
1535455819065:	getattr 1 
1535455819066:	get 1 
1535455819066:	getattr 1 
1535455819067:	get 1 
1535455819067:	getattr 1 
RPC STATS: 1:2 6001:5 6002:289 6003:289 
1535455819068:	get 1 
1535455819068:	getattr 1 
1535455819070:	get 1 
1535455819070:	getattr 1 
1535455819071:	get 1 
RPC STATS: 1:2 6001:5 6002:291 6003:292 
1535455819071:	getattr 1 
1535455819072:	get 1 
1535455819072:	getattr 1 
1535455819073:	get 1 
1535455819073:	getattr 1 
RPC STATS: 1:2 6001:5 6002:294 6003:294 
1535455819075:	get 1 
1535455819075:	getattr 1 
1535455819075:	get 1 
1535455819076:	getattr 1 
1535455819077:	get 1 
RPC STATS: 1:2 6001:5 6002:296 6003:297 
1535455819077:	getattr 1 
1535455819078:	get 1 
1535455819078:	getattr 1 
1535455819079:	get 1 
1535455819079:	getattr 1 
RPC STATS: 1:2 6001:5 6002:299 6003:299 
1535455819080:	get 1 
1535455819080:	getattr 1 
1535455819082:	get 1 
1535455819082:	getattr 1 
1535455819083:	get 1 
RPC STATS: 1:2 6001:5 6002:301 6003:302 
1535455819083:	getattr 1 
1535455819084:	get 1 
1535455819084:	getattr 1 
1535455819085:	get 1 
1535455819085:	getattr 1 
RPC STATS: 1:2 6001:5 6002:304 6003:304 
1535455819087:	get 1 
1535455819087:	getattr 1 
1535455819088:	get 1 
1535455819088:	getattr 1 
1535455819089:	get 1 
RPC STATS: 1:2 6001:5 6002:306 6003:307 
1535455819089:	getattr 1 
1535455819090:	get 1 
1535455819090:	getattr 1 
1535455819091:	get 1 
1535455819092:	getattr 1 
RPC STATS: 1:2 6001:5 6002:309 6003:309 
1535455819092:	get 1 
1535455819093:	getattr 1 
1535455819094:	get 1 
1535455819094:	getattr 1 
1535455819095:	get 1 
RPC STATS: 1:2 6001:5 6002:311 6003:312 
1535455819095:	getattr 1 
1535455819096:	get 1 
1535455819096:	getattr 1 
1535455819097:	get 1 
1535455819097:	getattr 1 
RPC STATS: 1:2 6001:5 6002:314 6003:314 
1535455819099:	get 1 
1535455819099:	getattr 1 
1535455819099:	get 1 
1535455819100:	getattr 1 
1535455819101:	get 1 
RPC STATS: 1:2 6001:5 6002:316 6003:317 
1535455819101:	getattr 1 
1535455819102:	get 1 
1535455819102:	getattr 1 
1535455819103:	get 1 
1535455819104:	getattr 1 
RPC STATS: 1:2 6001:5 6002:319 6003:319 
1535455819104:	get 1 
1535455819105:	getattr 1 
1535455819106:	get 1 
1535455819106:	getattr 1 
1535455819107:	get 1 
RPC STATS: 1:2 6001:5 6002:321 6003:322 
1535455819107:	getattr 1 
1535455819108:	get 1 
1535455819109:	getattr 1 
1535455819110:	get 1 
1535455819110:	getattr 1 
RPC STATS: 1:2 6001:5 6002:324 6003:324 
1535455819111:	get 1 
1535455819111:	getattr 1 
1535455819112:	get 1 
1535455819112:	getattr 1 
1535455819114:	get 1 
RPC STATS: 1:2 6001:5 6002:326 6003:327 
1535455819114:	getattr 1 
1535455819114:	get 1 
1535455819115:	getattr 1 
1535455819116:	get 1 
1535455819116:	getattr 1 
RPC STATS: 1:2 6001:5 6002:329 6003:329 
1535455819117:	get 1 
1535455819117:	getattr 1 
1535455819118:	get 1 
1535455819119:	getattr 1 
1535455819119:	get 1 
RPC STATS: 1:2 6001:5 6002:331 6003:332 
1535455819119:	getattr 1 
1535455819121:	get 1 
1535455819121:	getattr 1 
1535455819122:	get 1 
1535455819122:	getattr 1 
RPC STATS: 1:2 6001:5 6002:334 6003:334 
1535455819123:	get 1 
1535455819124:	getattr 1 
1535455819124:	get 1 
1535455819125:	getattr 1 
1535455819126:	get 1 
RPC STATS: 1:2 6001:5 6002:336 6003:337 
1535455819126:	getattr 1 
1535455819127:	get 1 
1535455819127:	getattr 1 
1535455819128:	get 1 
1535455819128:	getattr 1 
RPC STATS: 1:2 6001:5 6002:339 6003:339 
1535455819129:	get 1 
1535455819129:	getattr 1 
1535455819131:	get 1 
1535455819131:	getattr 1 
1535455819132:	get 1 
RPC STATS: 1:2 6001:5 6002:341 6003:342 
1535455819132:	getattr 1 
1535455819134:	get 1 
1535455819134:	getattr 1 
1535455819134:	get 1 
1535455819135:	getattr 1 
RPC STATS: 1:2 6001:5 6002:344 6003:344 
1535455819136:	get 1 
1535455819136:	getattr 1 
1535455819137:	get 1 
1535455819137:	getattr 1 
1535455819139:	get 1 
RPC STATS: 1:2 6001:5 6002:346 6003:347 
1535455819139:	getattr 1 
1535455819140:	get 1 
1535455819140:	getattr 1 
1535455819141:	get 1 
1535455819142:	getattr 1 
RPC STATS: 1:2 6001:5 6002:349 6003:349 
1535455819142:	get 1 
1535455819143:	getattr 1 
1535455819144:	get 1 
1535455819144:	getattr 1 
1535455819145:	get 1 
RPC STATS: 1:2 6001:5 6002:351 6003:352 
1535455819145:	getattr 1 
1535455819146:	get 1 
1535455819146:	getattr 1 
1535455819147:	get 1 
1535455819147:	getattr 1 
RPC STATS: 1:2 6001:5 6002:354 6003:354 
1535455819149:	get 1 
1535455819149:	getattr 1 
1535455819150:	get 1 
1535455819150:	getattr 1 
1535455819151:	get 1 
RPC STATS: 1:2 6001:5 6002:356 6003:357 
1535455819151:	getattr 1 
1535455819152:	get 1 
1535455819152:	getattr 1 
1535455819154:	get 1 
1535455819154:	getattr 1 
RPC STATS: 1:2 6001:5 6002:359 6003:359 
1535455819155:	get 1 
1535455819155:	getattr 1 
1535455819156:	get 1 
1535455819156:	getattr 1 
1535455819157:	get 1 
RPC STATS: 1:2 6001:5 6002:361 6003:362 
1535455819158:	getattr 1 
1535455819159:	get 1 
1535455819159:	getattr 1 
1535455819160:	get 1 
1535455819160:	getattr 1 
RPC STATS: 1:2 6001:5 6002:364 6003:364 
1535455819161:	get 1 
1535455819161:	getattr 1 
1535455819162:	get 1 
1535455819162:	getattr 1 
1535455819163:	get 1 
RPC STATS: 1:2 6001:5 6002:366 6003:367 
1535455819164:	getattr 1 
1535455819164:	get 1 
1535455819165:	getattr 1 
1535455819166:	get 1 
1535455819166:	getattr 1 
RPC STATS: 1:2 6001:5 6002:369 6003:369 
1535455819167:	get 1 
1535455819167:	getattr 1 
1535455819168:	get 1 
1535455819168:	getattr 1 
1535455819169:	get 1 
RPC STATS: 1:2 6001:5 6002:371 6003:372 
1535455819169:	getattr 1 
1535455819171:	get 1 
1535455819171:	getattr 1 
1535455819172:	get 1 
1535455819172:	getattr 1 
RPC STATS: 1:2 6001:5 6002:374 6003:374 
1535455819173:	get 1 
1535455819173:	getattr 1 
1535455819174:	get 1 
1535455819174:	getattr 1 
1535455819176:	get 1 
RPC STATS: 1:2 6001:5 6002:376 6003:377 
1535455819176:	getattr 1 
1535455819176:	get 1 
1535455819177:	getattr 1 
1535455819178:	get 1 
1535455819178:	getattr 1 
RPC STATS: 1:2 6001:5 6002:379 6003:379 
1535455819179:	get 1 
1535455819179:	getattr 1 
1535455819181:	get 1 
1535455819181:	getattr 1 
1535455819182:	get 1 
RPC STATS: 1:2 6001:5 6002:381 6003:382 
1535455819182:	getattr 1 
1535455819183:	get 1 
1535455819183:	getattr 1 
1535455819184:	get 1 
1535455819184:	getattr 1 
RPC STATS: 1:2 6001:5 6002:384 6003:384 
1535455819185:	get 1 
1535455819186:	getattr 1 
1535455819186:	get 1 
1535455819187:	getattr 1 
1535455819188:	get 1 
RPC STATS: 1:2 6001:5 6002:386 6003:387 
1535455819188:	getattr 1 
1535455819189:	get 1 
1535455819189:	getattr 1 
1535455819190:	get 1 
1535455819191:	getattr 1 
RPC STATS: 1:2 6001:5 6002:389 6003:389 
1535455819191:	get 1 
1535455819191:	getattr 1 
1535455819193:	get 1 
1535455819193:	getattr 1 
1535455819193:	get 1 
RPC STATS: 1:2 6001:5 6002:391 6003:392 
1535455819194:	getattr 1 
1535455819195:	get 1 
1535455819195:	getattr 1 
1535455819196:	get 1 
1535455819196:	getattr 1 
RPC STATS: 1:2 6001:5 6002:394 6003:394 
1535455819197:	get 1 
1535455819198:	getattr 1 
1535455823203:	get 1 
1535455823204:	getattr 1 
1535455888258:	getattr 1 
