FUSE library version: 2.9.4
unique: 1, opcode: INIT (26), nodeid: 0, insize: 56, pid: 0
INIT: 7.26
flags=0x001ffffb
max_readahead=0x00020000
   INIT: 7.19
   flags=0x00000000
   max_readahead=0x00020000
   max_write=0x00020000
   max_background=0
   congestion_threshold=0
   unique: 1, success, outsize: 40
unique: 2, opcode: ACCESS (34), nodeid: 1, insize: 48, pid: 1707
   unique: 2, error: -38 (Function not implemented), outsize: 16
unique: 3, opcode: LOOKUP (1), nodeid: 1, insize: 47, pid: 1707
   unique: 3, error: -2 (No such file or directory), outsize: 16
unique: 4, opcode: OPENDIR (27), nodeid: 1, insize: 48, pid: 1550
   unique: 4, success, outsize: 32
unique: 5, opcode: GETATTR (3), nodeid: 1, insize: 56, pid: 1550
getattr 0000000000000001 0
getdir 0000000000000001
   getattr -> 24579 32698 2705401856
   unique: 5, success, outsize: 120
unique: 6, opcode: LOOKUP (1), nodeid: 1, insize: 57, pid: 753
   unique: 6, error: -2 (No such file or directory), outsize: 16
unique: 7, opcode: LOOKUP (1), nodeid: 1, insize: 52, pid: 736
   unique: 7, error: -2 (No such file or directory), outsize: 16
unique: 8, opcode: READDIR (28), nodeid: 1, insize: 80, pid: 1550
fuseserver_readdir
   unique: 8, success, outsize: 16
unique: 9, opcode: RELEASEDIR (29), nodeid: 1, insize: 64, pid: 0
   unique: 9, success, outsize: 16
unique: 10, opcode: LOOKUP (1), nodeid: 1, insize: 52, pid: 1707
   unique: 10, error: -2 (No such file or directory), outsize: 16
unique: 11, opcode: OPENDIR (27), nodeid: 1, insize: 48, pid: 1550
   unique: 11, success, outsize: 32
unique: 12, opcode: GETATTR (3), nodeid: 1, insize: 56, pid: 1550
getattr 0000000000000001 0
getdir 0000000000000001
   getattr -> 1535286341 32698 2705401856
   unique: 12, success, outsize: 120
unique: 13, opcode: READDIR (28), nodeid: 1, insize: 80, pid: 1550
fuseserver_readdir
   unique: 13, success, outsize: 16
unique: 14, opcode: RELEASEDIR (29), nodeid: 1, insize: 64, pid: 0
   unique: 14, success, outsize: 16
unique: 15, opcode: OPENDIR (27), nodeid: 1, insize: 48, pid: 1550
   unique: 15, success, outsize: 32
unique: 16, opcode: GETATTR (3), nodeid: 1, insize: 56, pid: 1550
getattr 0000000000000001 0
getdir 0000000000000001
   getattr -> 1535286341 32698 2705401856
   unique: 16, success, outsize: 120
unique: 17, opcode: READDIR (28), nodeid: 1, insize: 80, pid: 1550
fuseserver_readdir
   unique: 17, success, outsize: 16
unique: 18, opcode: RELEASEDIR (29), nodeid: 1, insize: 64, pid: 0
   unique: 18, success, outsize: 16
unique: 19, opcode: OPENDIR (27), nodeid: 1, insize: 48, pid: 1550
   unique: 19, success, outsize: 32
unique: 20, opcode: GETATTR (3), nodeid: 1, insize: 56, pid: 1550
getattr 0000000000000001 0
getdir 0000000000000001
   getattr -> 1535286341 32698 2705401856
   unique: 20, success, outsize: 120
unique: 21, opcode: READDIR (28), nodeid: 1, insize: 80, pid: 1550
fuseserver_readdir
   unique: 21, success, outsize: 16
unique: 22, opcode: RELEASEDIR (29), nodeid: 1, insize: 64, pid: 0
   unique: 22, success, outsize: 16
unique: 23, opcode: OPENDIR (27), nodeid: 1, insize: 48, pid: 1550
   unique: 23, success, outsize: 32
unique: 24, opcode: GETATTR (3), nodeid: 1, insize: 56, pid: 1550
getattr 0000000000000001 0
getdir 0000000000000001
   getattr -> 1535286341 32698 2705401856
   unique: 24, success, outsize: 120
unique: 25, opcode: READDIR (28), nodeid: 1, insize: 80, pid: 1550
fuseserver_readdir
   unique: 25, success, outsize: 16
unique: 26, opcode: RELEASEDIR (29), nodeid: 1, insize: 64, pid: 0
   unique: 26, success, outsize: 16
unique: 27, opcode: OPENDIR (27), nodeid: 1, insize: 48, pid: 1550
   unique: 27, success, outsize: 32
unique: 28, opcode: GETATTR (3), nodeid: 1, insize: 56, pid: 1550
getattr 0000000000000001 0
getdir 0000000000000001
   getattr -> 1535286341 32698 2705401856
   unique: 28, success, outsize: 120
unique: 29, opcode: READDIR (28), nodeid: 1, insize: 80, pid: 1550
fuseserver_readdir
   unique: 29, success, outsize: 16
unique: 30, opcode: RELEASEDIR (29), nodeid: 1, insize: 64, pid: 0
   unique: 30, success, outsize: 16
unique: 31, opcode: OPENDIR (27), nodeid: 1, insize: 48, pid: 1550
   unique: 31, success, outsize: 32
unique: 32, opcode: GETATTR (3), nodeid: 1, insize: 56, pid: 1550
getattr 0000000000000001 0
getdir 0000000000000001
   getattr -> 1535286341 32698 2705401856
   unique: 32, success, outsize: 120
unique: 33, opcode: READDIR (28), nodeid: 1, insize: 80, pid: 1550
fuseserver_readdir
   unique: 33, success, outsize: 16
unique: 34, opcode: RELEASEDIR (29), nodeid: 1, insize: 64, pid: 0
   unique: 34, success, outsize: 16
unique: 35, opcode: OPENDIR (27), nodeid: 1, insize: 48, pid: 1550
   unique: 35, success, outsize: 32
unique: 36, opcode: GETATTR (3), nodeid: 1, insize: 56, pid: 1550
getattr 0000000000000001 0
getdir 0000000000000001
   getattr -> 1535286341 32698 2705401856
   unique: 36, success, outsize: 120
unique: 37, opcode: READDIR (28), nodeid: 1, insize: 80, pid: 1550
fuseserver_readdir
   unique: 37, success, outsize: 16
unique: 38, opcode: RELEASEDIR (29), nodeid: 1, insize: 64, pid: 0
   unique: 38, success, outsize: 16
unique: 39, opcode: OPENDIR (27), nodeid: 1, insize: 48, pid: 1550
   unique: 39, success, outsize: 32
unique: 40, opcode: GETATTR (3), nodeid: 1, insize: 56, pid: 1550
getattr 0000000000000001 0
getdir 0000000000000001
   getattr -> 1535286341 32698 2705401856
   unique: 40, success, outsize: 120
unique: 41, opcode: READDIR (28), nodeid: 1, insize: 80, pid: 1550
fuseserver_readdir
   unique: 41, success, outsize: 16
unique: 42, opcode: RELEASEDIR (29), nodeid: 1, insize: 64, pid: 0
   unique: 42, success, outsize: 16
unique: 43, opcode: OPENDIR (27), nodeid: 1, insize: 48, pid: 1550
   unique: 43, success, outsize: 32
unique: 44, opcode: GETATTR (3), nodeid: 1, insize: 56, pid: 1550
getattr 0000000000000001 0
getdir 0000000000000001
   getattr -> 1535286341 32698 2705401856
   unique: 44, success, outsize: 120
unique: 45, opcode: READDIR (28), nodeid: 1, insize: 80, pid: 1550
fuseserver_readdir
   unique: 45, success, outsize: 16
unique: 46, opcode: RELEASEDIR (29), nodeid: 1, insize: 64, pid: 0
   unique: 46, success, outsize: 16
unique: 47, opcode: OPENDIR (27), nodeid: 1, insize: 48, pid: 1550
   unique: 47, success, outsize: 32
unique: 48, opcode: GETATTR (3), nodeid: 1, insize: 56, pid: 1550
getattr 0000000000000001 0
getdir 0000000000000001
   getattr -> 1535286341 32698 2705401856
   unique: 48, success, outsize: 120
unique: 49, opcode: READDIR (28), nodeid: 1, insize: 80, pid: 1550
fuseserver_readdir
   unique: 49, success, outsize: 16
unique: 50, opcode: RELEASEDIR (29), nodeid: 1, insize: 64, pid: 0
   unique: 50, success, outsize: 16
unique: 51, opcode: OPENDIR (27), nodeid: 1, insize: 48, pid: 1550
   unique: 51, success, outsize: 32
unique: 52, opcode: GETATTR (3), nodeid: 1, insize: 56, pid: 1550
getattr 0000000000000001 0
getdir 0000000000000001
   getattr -> 1535286341 32698 2705401856
   unique: 52, success, outsize: 120
unique: 53, opcode: READDIR (28), nodeid: 1, insize: 80, pid: 1550
fuseserver_readdir
   unique: 53, success, outsize: 16
unique: 54, opcode: RELEASEDIR (29), nodeid: 1, insize: 64, pid: 0
   unique: 54, success, outsize: 16
unique: 55, opcode: OPENDIR (27), nodeid: 1, insize: 48, pid: 1550
   unique: 55, success, outsize: 32
unique: 56, opcode: GETATTR (3), nodeid: 1, insize: 56, pid: 1550
getattr 0000000000000001 0
getdir 0000000000000001
   getattr -> 1535286341 32698 2705401856
   unique: 56, success, outsize: 120
unique: 57, opcode: READDIR (28), nodeid: 1, insize: 80, pid: 1550
fuseserver_readdir
   unique: 57, success, outsize: 16
unique: 58, opcode: RELEASEDIR (29), nodeid: 1, insize: 64, pid: 0
   unique: 58, success, outsize: 16
unique: 59, opcode: OPENDIR (27), nodeid: 1, insize: 48, pid: 1550
   unique: 59, success, outsize: 32
unique: 60, opcode: GETATTR (3), nodeid: 1, insize: 56, pid: 1550
getattr 0000000000000001 0
getdir 0000000000000001
   getattr -> 1535286341 32698 2705401856
   unique: 60, success, outsize: 120
unique: 61, opcode: READDIR (28), nodeid: 1, insize: 80, pid: 1550
fuseserver_readdir
   unique: 61, success, outsize: 16
unique: 62, opcode: RELEASEDIR (29), nodeid: 1, insize: 64, pid: 0
   unique: 62, success, outsize: 16
unique: 63, opcode: OPENDIR (27), nodeid: 1, insize: 48, pid: 1550
   unique: 63, success, outsize: 32
unique: 64, opcode: GETATTR (3), nodeid: 1, insize: 56, pid: 1550
getattr 0000000000000001 0
getdir 0000000000000001
   getattr -> 1535286341 32698 2705401856
   unique: 64, success, outsize: 120
unique: 65, opcode: READDIR (28), nodeid: 1, insize: 80, pid: 1550
fuseserver_readdir
   unique: 65, success, outsize: 16
unique: 66, opcode: RELEASEDIR (29), nodeid: 1, insize: 64, pid: 0
   unique: 66, success, outsize: 16
unique: 67, opcode: OPENDIR (27), nodeid: 1, insize: 48, pid: 1550
   unique: 67, success, outsize: 32
unique: 68, opcode: GETATTR (3), nodeid: 1, insize: 56, pid: 1550
getattr 0000000000000001 0
getdir 0000000000000001
   getattr -> 1535286341 32698 2705401856
   unique: 68, success, outsize: 120
unique: 69, opcode: READDIR (28), nodeid: 1, insize: 80, pid: 1550
fuseserver_readdir
   unique: 69, success, outsize: 16
unique: 70, opcode: RELEASEDIR (29), nodeid: 1, insize: 64, pid: 0
   unique: 70, success, outsize: 16
unique: 71, opcode: OPENDIR (27), nodeid: 1, insize: 48, pid: 1550
   unique: 71, success, outsize: 32
unique: 72, opcode: GETATTR (3), nodeid: 1, insize: 56, pid: 1550
getattr 0000000000000001 0
getdir 0000000000000001
   getattr -> 1535286341 32698 2705401856
   unique: 72, success, outsize: 120
unique: 73, opcode: READDIR (28), nodeid: 1, insize: 80, pid: 1550
fuseserver_readdir
   unique: 73, success, outsize: 16
unique: 74, opcode: RELEASEDIR (29), nodeid: 1, insize: 64, pid: 0
   unique: 74, success, outsize: 16
unique: 75, opcode: OPENDIR (27), nodeid: 1, insize: 48, pid: 1550
   unique: 75, success, outsize: 32
unique: 76, opcode: GETATTR (3), nodeid: 1, insize: 56, pid: 1550
getattr 0000000000000001 0
getdir 0000000000000001
   getattr -> 1535286341 32698 2705401856
   unique: 76, success, outsize: 120
unique: 77, opcode: READDIR (28), nodeid: 1, insize: 80, pid: 1550
fuseserver_readdir
   unique: 77, success, outsize: 16
unique: 78, opcode: RELEASEDIR (29), nodeid: 1, insize: 64, pid: 0
   unique: 78, success, outsize: 16
unique: 79, opcode: OPENDIR (27), nodeid: 1, insize: 48, pid: 1550
   unique: 79, success, outsize: 32
unique: 80, opcode: GETATTR (3), nodeid: 1, insize: 56, pid: 1550
getattr 0000000000000001 0
getdir 0000000000000001
   getattr -> 1535286341 32698 2705401856
   unique: 80, success, outsize: 120
unique: 81, opcode: READDIR (28), nodeid: 1, insize: 80, pid: 1550
fuseserver_readdir
   unique: 81, success, outsize: 16
unique: 82, opcode: RELEASEDIR (29), nodeid: 1, insize: 64, pid: 0
   unique: 82, success, outsize: 16
unique: 83, opcode: OPENDIR (27), nodeid: 1, insize: 48, pid: 1550
   unique: 83, success, outsize: 32
unique: 84, opcode: GETATTR (3), nodeid: 1, insize: 56, pid: 1550
getattr 0000000000000001 0
getdir 0000000000000001
   getattr -> 1535286341 32698 2705401856
   unique: 84, success, outsize: 120
unique: 85, opcode: READDIR (28), nodeid: 1, insize: 80, pid: 1550
fuseserver_readdir
   unique: 85, success, outsize: 16
unique: 86, opcode: RELEASEDIR (29), nodeid: 1, insize: 64, pid: 0
   unique: 86, success, outsize: 16
unique: 87, opcode: OPENDIR (27), nodeid: 1, insize: 48, pid: 1550
   unique: 87, success, outsize: 32
unique: 88, opcode: GETATTR (3), nodeid: 1, insize: 56, pid: 1550
getattr 0000000000000001 0
getdir 0000000000000001
   getattr -> 1535286341 32698 2705401856
   unique: 88, success, outsize: 120
unique: 89, opcode: READDIR (28), nodeid: 1, insize: 80, pid: 1550
fuseserver_readdir
   unique: 89, success, outsize: 16
unique: 90, opcode: RELEASEDIR (29), nodeid: 1, insize: 64, pid: 0
   unique: 90, success, outsize: 16
unique: 91, opcode: OPENDIR (27), nodeid: 1, insize: 48, pid: 1550
   unique: 91, success, outsize: 32
unique: 92, opcode: GETATTR (3), nodeid: 1, insize: 56, pid: 1550
getattr 0000000000000001 0
getdir 0000000000000001
   getattr -> 1535286341 32698 2705401856
   unique: 92, success, outsize: 120
unique: 93, opcode: READDIR (28), nodeid: 1, insize: 80, pid: 1550
fuseserver_readdir
   unique: 93, success, outsize: 16
unique: 94, opcode: RELEASEDIR (29), nodeid: 1, insize: 64, pid: 0
   unique: 94, success, outsize: 16
unique: 95, opcode: OPENDIR (27), nodeid: 1, insize: 48, pid: 753
   unique: 95, success, outsize: 32
unique: 96, opcode: GETATTR (3), nodeid: 1, insize: 56, pid: 753
getattr 0000000000000001 0
getdir 0000000000000001
   getattr -> 1535286341 32698 2705401856
   unique: 96, success, outsize: 120
unique: 97, opcode: READDIR (28), nodeid: 1, insize: 80, pid: 736
fuseserver_readdir
   unique: 97, success, outsize: 16
unique: 98, opcode: RELEASEDIR (29), nodeid: 1, insize: 64, pid: 0
   unique: 98, success, outsize: 16
unique: 99, opcode: LOOKUP (1), nodeid: 1, insize: 52, pid: 753
   unique: 99, error: -2 (No such file or directory), outsize: 16
unique: 100, opcode: GETATTR (3), nodeid: 1, insize: 56, pid: 823
getattr 0000000000000001 0
getdir 0000000000000001
   getattr -> 1535286341 32698 2705401856
   unique: 100, success, outsize: 120
