FUSE library version: 2.9.4
unique: 1, opcode: INIT (26), nodeid: 0, insize: 56, pid: 0
INIT: 7.26
flags=0x001ffffb
max_readahead=0x00020000
   INIT: 7.19
   flags=0x00000000
   max_readahead=0x00020000
   max_write=0x00020000
   max_background=0
   congestion_threshold=0
   unique: 1, success, outsize: 40
unique: 2, opcode: ACCESS (34), nodeid: 1, insize: 48, pid: 1707
   unique: 2, error: -38 (Function not implemented), outsize: 16
unique: 3, opcode: OPENDIR (27), nodeid: 1, insize: 48, pid: 1550
   unique: 3, success, outsize: 32
unique: 4, opcode: LOOKUP (1), nodeid: 1, insize: 57, pid: 4048
   unique: 4, error: -2 (No such file or directory), outsize: 16
unique: 5, opcode: GETATTR (3), nodeid: 1, insize: 56, pid: 1550
getattr 0000000000000001 0
getdir 0000000000000001
   unique: 5, error: -2 (No such file or directory), outsize: 16
unique: 6, opcode: LOOKUP (1), nodeid: 1, insize: 52, pid: 4047
   unique: 6, error: -2 (No such file or directory), outsize: 16
unique: 7, opcode: RELEASEDIR (29), nodeid: 1, insize: 64, pid: 0
   unique: 7, success, outsize: 16
unique: 8, opcode: OPENDIR (27), nodeid: 1, insize: 48, pid: 1550
   unique: 8, success, outsize: 32
unique: 9, opcode: GETATTR (3), nodeid: 1, insize: 56, pid: 1550
getattr 0000000000000001 0
getdir 0000000000000001
   unique: 9, error: -2 (No such file or directory), outsize: 16
unique: 10, opcode: LOOKUP (1), nodeid: 1, insize: 47, pid: 1707
   unique: 10, error: -2 (No such file or directory), outsize: 16
unique: 11, opcode: RELEASEDIR (29), nodeid: 1, insize: 64, pid: 0
   unique: 11, success, outsize: 16
unique: 12, opcode: OPENDIR (27), nodeid: 1, insize: 48, pid: 1550
   unique: 12, success, outsize: 32
unique: 13, opcode: GETATTR (3), nodeid: 1, insize: 56, pid: 1550
getattr 0000000000000001 0
getdir 0000000000000001
   unique: 13, error: -2 (No such file or directory), outsize: 16
unique: 14, opcode: LOOKUP (1), nodeid: 1, insize: 52, pid: 1707
   unique: 14, error: -2 (No such file or directory), outsize: 16
unique: 15, opcode: RELEASEDIR (29), nodeid: 1, insize: 64, pid: 0
   unique: 15, success, outsize: 16
unique: 16, opcode: OPENDIR (27), nodeid: 1, insize: 48, pid: 1550
   unique: 16, success, outsize: 32
unique: 17, opcode: GETATTR (3), nodeid: 1, insize: 56, pid: 1550
getattr 0000000000000001 0
getdir 0000000000000001
   unique: 17, error: -2 (No such file or directory), outsize: 16
unique: 18, opcode: RELEASEDIR (29), nodeid: 1, insize: 64, pid: 0
   unique: 18, success, outsize: 16
unique: 19, opcode: OPENDIR (27), nodeid: 1, insize: 48, pid: 1550
   unique: 19, success, outsize: 32
unique: 20, opcode: GETATTR (3), nodeid: 1, insize: 56, pid: 1550
getattr 0000000000000001 0
getdir 0000000000000001
   unique: 20, error: -2 (No such file or directory), outsize: 16
unique: 21, opcode: RELEASEDIR (29), nodeid: 1, insize: 64, pid: 0
   unique: 21, success, outsize: 16
unique: 22, opcode: OPENDIR (27), nodeid: 1, insize: 48, pid: 1550
   unique: 22, success, outsize: 32
unique: 23, opcode: GETATTR (3), nodeid: 1, insize: 56, pid: 1550
getattr 0000000000000001 0
getdir 0000000000000001
   unique: 23, error: -2 (No such file or directory), outsize: 16
unique: 24, opcode: RELEASEDIR (29), nodeid: 1, insize: 64, pid: 0
   unique: 24, success, outsize: 16
unique: 25, opcode: OPENDIR (27), nodeid: 1, insize: 48, pid: 1550
   unique: 25, success, outsize: 32
unique: 26, opcode: GETATTR (3), nodeid: 1, insize: 56, pid: 1550
getattr 0000000000000001 0
getdir 0000000000000001
   unique: 26, error: -2 (No such file or directory), outsize: 16
unique: 27, opcode: RELEASEDIR (29), nodeid: 1, insize: 64, pid: 0
   unique: 27, success, outsize: 16
unique: 28, opcode: OPENDIR (27), nodeid: 1, insize: 48, pid: 1550
   unique: 28, success, outsize: 32
unique: 29, opcode: GETATTR (3), nodeid: 1, insize: 56, pid: 1550
getattr 0000000000000001 0
getdir 0000000000000001
   unique: 29, error: -2 (No such file or directory), outsize: 16
unique: 30, opcode: RELEASEDIR (29), nodeid: 1, insize: 64, pid: 0
   unique: 30, success, outsize: 16
unique: 31, opcode: OPENDIR (27), nodeid: 1, insize: 48, pid: 1550
   unique: 31, success, outsize: 32
unique: 32, opcode: GETATTR (3), nodeid: 1, insize: 56, pid: 1550
getattr 0000000000000001 0
getdir 0000000000000001
   unique: 32, error: -2 (No such file or directory), outsize: 16
unique: 33, opcode: RELEASEDIR (29), nodeid: 1, insize: 64, pid: 0
   unique: 33, success, outsize: 16
unique: 34, opcode: OPENDIR (27), nodeid: 1, insize: 48, pid: 1550
   unique: 34, success, outsize: 32
unique: 35, opcode: GETATTR (3), nodeid: 1, insize: 56, pid: 1550
getattr 0000000000000001 0
getdir 0000000000000001
   unique: 35, error: -2 (No such file or directory), outsize: 16
unique: 36, opcode: RELEASEDIR (29), nodeid: 1, insize: 64, pid: 0
   unique: 36, success, outsize: 16
unique: 37, opcode: OPENDIR (27), nodeid: 1, insize: 48, pid: 1550
   unique: 37, success, outsize: 32
unique: 38, opcode: GETATTR (3), nodeid: 1, insize: 56, pid: 1550
getattr 0000000000000001 0
getdir 0000000000000001
   unique: 38, error: -2 (No such file or directory), outsize: 16
unique: 39, opcode: RELEASEDIR (29), nodeid: 1, insize: 64, pid: 0
   unique: 39, success, outsize: 16
unique: 40, opcode: OPENDIR (27), nodeid: 1, insize: 48, pid: 1550
   unique: 40, success, outsize: 32
unique: 41, opcode: GETATTR (3), nodeid: 1, insize: 56, pid: 1550
getattr 0000000000000001 0
getdir 0000000000000001
   unique: 41, error: -2 (No such file or directory), outsize: 16
unique: 42, opcode: RELEASEDIR (29), nodeid: 1, insize: 64, pid: 0
   unique: 42, success, outsize: 16
unique: 43, opcode: OPENDIR (27), nodeid: 1, insize: 48, pid: 1550
   unique: 43, success, outsize: 32
unique: 44, opcode: GETATTR (3), nodeid: 1, insize: 56, pid: 1550
getattr 0000000000000001 0
getdir 0000000000000001
   unique: 44, error: -2 (No such file or directory), outsize: 16
unique: 45, opcode: RELEASEDIR (29), nodeid: 1, insize: 64, pid: 0
   unique: 45, success, outsize: 16
unique: 46, opcode: OPENDIR (27), nodeid: 1, insize: 48, pid: 1550
   unique: 46, success, outsize: 32
unique: 47, opcode: GETATTR (3), nodeid: 1, insize: 56, pid: 1550
getattr 0000000000000001 0
getdir 0000000000000001
   unique: 47, error: -2 (No such file or directory), outsize: 16
unique: 48, opcode: RELEASEDIR (29), nodeid: 1, insize: 64, pid: 0
   unique: 48, success, outsize: 16
unique: 49, opcode: OPENDIR (27), nodeid: 1, insize: 48, pid: 1550
   unique: 49, success, outsize: 32
unique: 50, opcode: GETATTR (3), nodeid: 1, insize: 56, pid: 1550
getattr 0000000000000001 0
getdir 0000000000000001
   unique: 50, error: -2 (No such file or directory), outsize: 16
unique: 51, opcode: RELEASEDIR (29), nodeid: 1, insize: 64, pid: 0
   unique: 51, success, outsize: 16
unique: 52, opcode: OPENDIR (27), nodeid: 1, insize: 48, pid: 1550
   unique: 52, success, outsize: 32
unique: 53, opcode: GETATTR (3), nodeid: 1, insize: 56, pid: 1550
getattr 0000000000000001 0
getdir 0000000000000001
   unique: 53, error: -2 (No such file or directory), outsize: 16
unique: 54, opcode: RELEASEDIR (29), nodeid: 1, insize: 64, pid: 0
   unique: 54, success, outsize: 16
unique: 55, opcode: OPENDIR (27), nodeid: 1, insize: 48, pid: 1550
   unique: 55, success, outsize: 32
unique: 56, opcode: GETATTR (3), nodeid: 1, insize: 56, pid: 1550
getattr 0000000000000001 0
getdir 0000000000000001
   unique: 56, error: -2 (No such file or directory), outsize: 16
unique: 57, opcode: RELEASEDIR (29), nodeid: 1, insize: 64, pid: 0
   unique: 57, success, outsize: 16
unique: 58, opcode: OPENDIR (27), nodeid: 1, insize: 48, pid: 1550
   unique: 58, success, outsize: 32
unique: 59, opcode: GETATTR (3), nodeid: 1, insize: 56, pid: 1550
getattr 0000000000000001 0
getdir 0000000000000001
   unique: 59, error: -2 (No such file or directory), outsize: 16
unique: 60, opcode: RELEASEDIR (29), nodeid: 1, insize: 64, pid: 0
   unique: 60, success, outsize: 16
unique: 61, opcode: OPENDIR (27), nodeid: 1, insize: 48, pid: 1550
   unique: 61, success, outsize: 32
unique: 62, opcode: GETATTR (3), nodeid: 1, insize: 56, pid: 1550
getattr 0000000000000001 0
getdir 0000000000000001
   unique: 62, error: -2 (No such file or directory), outsize: 16
unique: 63, opcode: RELEASEDIR (29), nodeid: 1, insize: 64, pid: 0
   unique: 63, success, outsize: 16
unique: 64, opcode: OPENDIR (27), nodeid: 1, insize: 48, pid: 1550
   unique: 64, success, outsize: 32
unique: 65, opcode: GETATTR (3), nodeid: 1, insize: 56, pid: 1550
getattr 0000000000000001 0
getdir 0000000000000001
   unique: 65, error: -2 (No such file or directory), outsize: 16
unique: 66, opcode: RELEASEDIR (29), nodeid: 1, insize: 64, pid: 0
   unique: 66, success, outsize: 16
unique: 67, opcode: OPENDIR (27), nodeid: 1, insize: 48, pid: 1550
   unique: 67, success, outsize: 32
unique: 68, opcode: GETATTR (3), nodeid: 1, insize: 56, pid: 1550
getattr 0000000000000001 0
getdir 0000000000000001
   unique: 68, error: -2 (No such file or directory), outsize: 16
unique: 69, opcode: RELEASEDIR (29), nodeid: 1, insize: 64, pid: 0
   unique: 69, success, outsize: 16
unique: 70, opcode: OPENDIR (27), nodeid: 1, insize: 48, pid: 1550
   unique: 70, success, outsize: 32
unique: 71, opcode: GETATTR (3), nodeid: 1, insize: 56, pid: 1550
getattr 0000000000000001 0
getdir 0000000000000001
   unique: 71, error: -2 (No such file or directory), outsize: 16
unique: 72, opcode: RELEASEDIR (29), nodeid: 1, insize: 64, pid: 0
   unique: 72, success, outsize: 16
unique: 73, opcode: OPENDIR (27), nodeid: 1, insize: 48, pid: 4048
   unique: 73, success, outsize: 32
unique: 74, opcode: GETATTR (3), nodeid: 1, insize: 56, pid: 4048
getattr 0000000000000001 0
getdir 0000000000000001
   unique: 74, error: -2 (No such file or directory), outsize: 16
unique: 75, opcode: RELEASEDIR (29), nodeid: 1, insize: 64, pid: 0
   unique: 75, success, outsize: 16
unique: 76, opcode: LOOKUP (1), nodeid: 1, insize: 52, pid: 4047
   unique: 76, error: -2 (No such file or directory), outsize: 16
unique: 77, opcode: LOOKUP (1), nodeid: 1, insize: 46, pid: 4071
   unique: 77, error: -2 (No such file or directory), outsize: 16
unique: 78, opcode: MKDIR (9), nodeid: 1, insize: 54, pid: 4071
getattr 000000006fd366b8 0
getdir 000000006fd366b8
   getattr -> 1534668235 1534668235 1534668235
   unique: 78, success, outsize: 144
unique: 79, opcode: LOOKUP (1), nodeid: 1, insize: 46, pid: 1714
getattr 000000006fd366b8 0
getdir 000000006fd366b8
   getattr -> 1534668235 1534668235 1534668235
   unique: 79, success, outsize: 144
unique: 80, opcode: GETATTR (3), nodeid: 1876125368, insize: 56, pid: 1714
getattr 000000006fd366b8 0
getdir 000000006fd366b8
   getattr -> 1534668235 1534668235 1534668235
   unique: 80, success, outsize: 120
unique: 81, opcode: LOOKUP (1), nodeid: 1, insize: 46, pid: 1714
getattr 000000006fd366b8 0
getdir 000000006fd366b8
   getattr -> 1534668235 1534668235 1534668235
   unique: 81, success, outsize: 144
unique: 82, opcode: GETATTR (3), nodeid: 1876125368, insize: 56, pid: 1714
getattr 000000006fd366b8 0
getdir 000000006fd366b8
   getattr -> 1534668235 1534668235 1534668235
   unique: 82, success, outsize: 120
unique: 83, opcode: LOOKUP (1), nodeid: 1, insize: 46, pid: 4071
getattr 000000006fd366b8 0
getdir 000000006fd366b8
   getattr -> 1534668235 1534668235 1534668235
   unique: 83, success, outsize: 144
unique: 84, opcode: LOOKUP (1), nodeid: 1876125368, insize: 43, pid: 4071
   unique: 84, error: -2 (No such file or directory), outsize: 16
unique: 85, opcode: CREATE (35), nodeid: 1876125368, insize: 59, pid: 4071
getattr 00000000d590491c 1
getfile 00000000d590491c
getfile 00000000d590491c -> sz 0
   getattr -> 0
   unique: 85, success, outsize: 160
unique: 86, opcode: GETXATTR (22), nodeid: 3583002908, insize: 68, pid: 4071
   unique: 86, error: -38 (Function not implemented), outsize: 16
unique: 87, opcode: WRITE (16), nodeid: 3583002908, insize: 83, pid: 4071
   unique: 87, success, outsize: 24
unique: 88, opcode: FLUSH (25), nodeid: 3583002908, insize: 64, pid: 4071
   unique: 88, error: -38 (Function not implemented), outsize: 16
unique: 89, opcode: RELEASE (18), nodeid: 3583002908, insize: 64, pid: 0
   unique: 89, success, outsize: 16
unique: 90, opcode: LOOKUP (1), nodeid: 1, insize: 46, pid: 4071
getattr 000000006fd366b8 0
getdir 000000006fd366b8
   getattr -> 1534668236 1534668236 1534668236
   unique: 90, success, outsize: 144
unique: 91, opcode: LOOKUP (1), nodeid: 1876125368, insize: 43, pid: 4071
getattr 00000000d590491c 1
getfile 00000000d590491c
getfile 00000000d590491c -> sz 3
   getattr -> 3
   unique: 91, success, outsize: 144
unique: 92, opcode: OPEN (14), nodeid: 3583002908, insize: 48, pid: 4071
   unique: 92, success, outsize: 32
unique: 93, opcode: GETATTR (3), nodeid: 3583002908, insize: 56, pid: 4071
getattr 00000000d590491c 1
getfile 00000000d590491c
getfile 00000000d590491c -> sz 3
   getattr -> 3
   unique: 93, success, outsize: 120
unique: 94, opcode: READ (15), nodeid: 3583002908, insize: 80, pid: 4071
   unique: 94, success, outsize: 19
unique: 95, opcode: RELEASE (18), nodeid: 3583002908, insize: 64, pid: 0
   unique: 95, success, outsize: 16
unique: 96, opcode: LOOKUP (1), nodeid: 1, insize: 46, pid: 4071
getattr 000000006fd366b8 0
getdir 000000006fd366b8
   getattr -> 1534668237 1534668237 1534668237
   unique: 96, success, outsize: 144
unique: 97, opcode: LOOKUP (1), nodeid: 1876125368, insize: 44, pid: 4071
   unique: 97, error: -2 (No such file or directory), outsize: 16
unique: 98, opcode: CREATE (35), nodeid: 1876125368, insize: 60, pid: 4071
getattr 00000000ee462d9f 1
getfile 00000000ee462d9f
getfile 00000000ee462d9f -> sz 0
   getattr -> 0
   unique: 98, success, outsize: 160
unique: 99, opcode: WRITE (16), nodeid: 3997576607, insize: 83, pid: 4071
   unique: 99, success, outsize: 24
unique: 100, opcode: RELEASE (18), nodeid: 3997576607, insize: 64, pid: 0
   unique: 100, success, outsize: 16
unique: 101, opcode: LOOKUP (1), nodeid: 1, insize: 46, pid: 4071
getattr 000000006fd366b8 0
getdir 000000006fd366b8
   getattr -> 1534668238 1534668238 1534668238
   unique: 101, success, outsize: 144
unique: 102, opcode: LOOKUP (1), nodeid: 1876125368, insize: 44, pid: 4071
getattr 00000000ee462d9f 1
getfile 00000000ee462d9f
getfile 00000000ee462d9f -> sz 3
   getattr -> 3
   unique: 102, success, outsize: 144
unique: 103, opcode: UNLINK (10), nodeid: 1876125368, insize: 44, pid: 4071
   unique: 103, success, outsize: 16
unique: 104, opcode: FORGET (2), nodeid: 3997576607, insize: 48, pid: 0
unique: 105, opcode: LOOKUP (1), nodeid: 1, insize: 46, pid: 4071
getattr 000000006fd366b8 0
getdir 000000006fd366b8
   getattr -> 1534668239 1534668239 1534668239
   unique: 105, success, outsize: 144
unique: 106, opcode: LOOKUP (1), nodeid: 1876125368, insize: 43, pid: 4071
   unique: 106, error: -2 (No such file or directory), outsize: 16
unique: 107, opcode: FORGET (2), nodeid: 3583002908, insize: 48, pid: 0
unique: 108, opcode: LOOKUP (1), nodeid: 1876125368, insize: 43, pid: 4071
   unique: 108, error: -2 (No such file or directory), outsize: 16
unique: 109, opcode: LOOKUP (1), nodeid: 1, insize: 46, pid: 4071
getattr 000000006fd366b8 0
getdir 000000006fd366b8
   getattr -> 1534668239 1534668239 1534668239
   unique: 109, success, outsize: 144
unique: 110, opcode: LOOKUP (1), nodeid: 1876125368, insize: 43, pid: 4071
   unique: 110, error: -2 (No such file or directory), outsize: 16
unique: 111, opcode: CREATE (35), nodeid: 1876125368, insize: 59, pid: 4071
getattr 00000000b8719775 1
getfile 00000000b8719775
getfile 00000000b8719775 -> sz 0
   getattr -> 0
   unique: 111, success, outsize: 160
unique: 112, opcode: WRITE (16), nodeid: 3094452085, insize: 83, pid: 4071
   unique: 112, success, outsize: 24
unique: 113, opcode: RELEASE (18), nodeid: 3094452085, insize: 64, pid: 0
   unique: 113, success, outsize: 16
unique: 114, opcode: LOOKUP (1), nodeid: 1, insize: 46, pid: 4071
getattr 000000006fd366b8 0
getdir 000000006fd366b8
   getattr -> 1534668241 1534668241 1534668241
   unique: 114, success, outsize: 144
unique: 115, opcode: LOOKUP (1), nodeid: 1876125368, insize: 43, pid: 4071
   unique: 115, error: -2 (No such file or directory), outsize: 16
unique: 116, opcode: FORGET (2), nodeid: 3094452085, insize: 48, pid: 0
unique: 117, opcode: LOOKUP (1), nodeid: 1876125368, insize: 43, pid: 4071
   unique: 117, error: -2 (No such file or directory), outsize: 16
unique: 118, opcode: LOOKUP (1), nodeid: 1, insize: 46, pid: 4071
getattr 000000006fd366b8 0
getdir 000000006fd366b8
   getattr -> 1534668241 1534668241 1534668241
   unique: 118, success, outsize: 144
unique: 119, opcode: LOOKUP (1), nodeid: 1876125368, insize: 43, pid: 4071
   unique: 119, error: -2 (No such file or directory), outsize: 16
unique: 120, opcode: CREATE (35), nodeid: 1876125368, insize: 59, pid: 4071
getattr 00000000a6627b4d 1
getfile 00000000a6627b4d
getfile 00000000a6627b4d -> sz 0
   getattr -> 0
   unique: 120, success, outsize: 160
unique: 121, opcode: WRITE (16), nodeid: 2791471949, insize: 83, pid: 4071
   unique: 121, success, outsize: 24
unique: 122, opcode: RELEASE (18), nodeid: 2791471949, insize: 64, pid: 0
   unique: 122, success, outsize: 16
unique: 123, opcode: LOOKUP (1), nodeid: 1, insize: 46, pid: 4071
getattr 000000006fd366b8 0
getdir 000000006fd366b8
   getattr -> 1534668242 1534668242 1534668242
   unique: 123, success, outsize: 144
unique: 124, opcode: LOOKUP (1), nodeid: 1876125368, insize: 43, pid: 4071
getattr 00000000a6627b4d 1
getfile 00000000a6627b4d
getfile 00000000a6627b4d -> sz 3
   getattr -> 3
   unique: 124, success, outsize: 144
unique: 125, opcode: OPEN (14), nodeid: 2791471949, insize: 48, pid: 4071
   unique: 125, success, outsize: 32
unique: 126, opcode: GETATTR (3), nodeid: 2791471949, insize: 56, pid: 4071
getattr 00000000a6627b4d 1
getfile 00000000a6627b4d
getfile 00000000a6627b4d -> sz 3
   getattr -> 3
   unique: 126, success, outsize: 120
unique: 127, opcode: READ (15), nodeid: 2791471949, insize: 80, pid: 4071
   unique: 127, success, outsize: 19
unique: 128, opcode: RELEASE (18), nodeid: 2791471949, insize: 64, pid: 0
   unique: 128, success, outsize: 16
unique: 129, opcode: LOOKUP (1), nodeid: 1, insize: 46, pid: 4071
getattr 000000006fd366b8 0
getdir 000000006fd366b8
   getattr -> 1534668242 1534668242 1534668242
   unique: 129, success, outsize: 144
unique: 130, opcode: LOOKUP (1), nodeid: 1876125368, insize: 43, pid: 4071
getattr 00000000a6627b4d 1
getfile 00000000a6627b4d
getfile 00000000a6627b4d -> sz 3
   getattr -> 3
   unique: 130, success, outsize: 144
unique: 131, opcode: UNLINK (10), nodeid: 1876125368, insize: 43, pid: 4071
   unique: 131, success, outsize: 16
unique: 132, opcode: FORGET (2), nodeid: 2791471949, insize: 48, pid: 0
unique: 133, opcode: LOOKUP (1), nodeid: 1, insize: 46, pid: 4071
getattr 000000006fd366b8 0
getdir 000000006fd366b8
   getattr -> 1534668245 1534668245 1534668245
   unique: 133, success, outsize: 144
unique: 134, opcode: LOOKUP (1), nodeid: 1876125368, insize: 43, pid: 4071
   unique: 134, error: -2 (No such file or directory), outsize: 16
unique: 135, opcode: LOOKUP (1), nodeid: 1, insize: 46, pid: 4071
getattr 000000006fd366b8 0
getdir 000000006fd366b8
   getattr -> 1534668246 1534668246 1534668246
   unique: 135, success, outsize: 144
unique: 136, opcode: LOOKUP (1), nodeid: 1876125368, insize: 43, pid: 4071
getattr 00000000bf3d1a39 1
getfile 00000000bf3d1a39
getfile 00000000bf3d1a39 -> sz 3
   getattr -> 3
   unique: 136, success, outsize: 144
unique: 137, opcode: OPEN (14), nodeid: 3208452665, insize: 48, pid: 4071
   unique: 137, success, outsize: 32
unique: 138, opcode: WRITE (16), nodeid: 3208452665, insize: 83, pid: 4071
   unique: 138, success, outsize: 24
unique: 139, opcode: RELEASE (18), nodeid: 3208452665, insize: 64, pid: 0
   unique: 139, success, outsize: 16
unique: 140, opcode: LOOKUP (1), nodeid: 1, insize: 46, pid: 4071
getattr 000000006fd366b8 0
getdir 000000006fd366b8
   getattr -> 1534668248 1534668246 1534668246
   unique: 140, success, outsize: 144
unique: 141, opcode: LOOKUP (1), nodeid: 1876125368, insize: 43, pid: 4071
getattr 00000000bf3d1a39 1
getfile 00000000bf3d1a39
getfile 00000000bf3d1a39 -> sz 9
   getattr -> 9
   unique: 141, success, outsize: 144
unique: 142, opcode: OPEN (14), nodeid: 3208452665, insize: 48, pid: 4071
   unique: 142, success, outsize: 32
unique: 143, opcode: GETATTR (3), nodeid: 3208452665, insize: 56, pid: 4071
getattr 00000000bf3d1a39 1
getfile 00000000bf3d1a39
getfile 00000000bf3d1a39 -> sz 9
   getattr -> 9
   unique: 143, success, outsize: 120
unique: 144, opcode: READ (15), nodeid: 3208452665, insize: 80, pid: 4071
   unique: 144, success, outsize: 25
unique: 145, opcode: RELEASE (18), nodeid: 3208452665, insize: 64, pid: 0
   unique: 145, success, outsize: 16
unique: 146, opcode: LOOKUP (1), nodeid: 1, insize: 46, pid: 4071
getattr 000000006fd366b8 0
getdir 000000006fd366b8
   getattr -> 1534668248 1534668246 1534668246
   unique: 146, success, outsize: 144
unique: 147, opcode: OPENDIR (27), nodeid: 1876125368, insize: 48, pid: 4071
   unique: 147, success, outsize: 32
unique: 148, opcode: GETATTR (3), nodeid: 1876125368, insize: 56, pid: 4071
getattr 000000006fd366b8 0
getdir 000000006fd366b8
   getattr -> 1534668248 1534668246 1534668246
   unique: 148, success, outsize: 120
unique: 149, opcode: READDIR (28), nodeid: 1876125368, insize: 80, pid: 4071
fuseserver_readdir
   unique: 149, success, outsize: 48
unique: 150, opcode: READDIR (28), nodeid: 1876125368, insize: 80, pid: 4071
fuseserver_readdir
   unique: 150, success, outsize: 16
unique: 151, opcode: RELEASEDIR (29), nodeid: 1876125368, insize: 64, pid: 0
   unique: 151, success, outsize: 16
unique: 152, opcode: LOOKUP (1), nodeid: 1, insize: 46, pid: 4071
getattr 000000006fd366b8 0
getdir 000000006fd366b8
   getattr -> 1534668248 1534668246 1534668246
   unique: 152, success, outsize: 144
unique: 153, opcode: LOOKUP (1), nodeid: 1876125368, insize: 43, pid: 4071
getattr 00000000bf3d1a39 1
getfile 00000000bf3d1a39
getfile 00000000bf3d1a39 -> sz 9
   getattr -> 9
   unique: 153, success, outsize: 144
unique: 154, opcode: UNLINK (10), nodeid: 1876125368, insize: 43, pid: 4071
   unique: 154, success, outsize: 16
unique: 155, opcode: LOOKUP (1), nodeid: 1, insize: 46, pid: 4071
getattr 000000006fd366b8 0
getdir 000000006fd366b8
   getattr -> 1534668249 1534668249 1534668249
   unique: 155, success, outsize: 144
unique: 156, opcode: FORGET (2), nodeid: 3208452665, insize: 48, pid: 0
unique: 157, opcode: OPENDIR (27), nodeid: 1876125368, insize: 48, pid: 4071
   unique: 157, success, outsize: 32
unique: 158, opcode: GETATTR (3), nodeid: 1876125368, insize: 56, pid: 4071
getattr 000000006fd366b8 0
getdir 000000006fd366b8
   getattr -> 1534668249 1534668249 1534668249
   unique: 158, success, outsize: 120
unique: 159, opcode: READDIR (28), nodeid: 1876125368, insize: 80, pid: 4071
fuseserver_readdir
   unique: 159, success, outsize: 16
unique: 160, opcode: RELEASEDIR (29), nodeid: 1876125368, insize: 64, pid: 0
   unique: 160, success, outsize: 16
unique: 161, opcode: LOOKUP (1), nodeid: 1, insize: 46, pid: 4071
getattr 000000006fd366b8 0
getdir 000000006fd366b8
   getattr -> 1534668250 1534668250 1534668250
   unique: 161, success, outsize: 144
unique: 162, opcode: LOOKUP (1), nodeid: 1876125368, insize: 43, pid: 4071
   unique: 162, error: -2 (No such file or directory), outsize: 16
unique: 163, opcode: CREATE (35), nodeid: 1876125368, insize: 59, pid: 4071
getattr 00000000b500f9d8 1
getfile 00000000b500f9d8
getfile 00000000b500f9d8 -> sz 0
   getattr -> 0
   unique: 163, success, outsize: 160
unique: 164, opcode: WRITE (16), nodeid: 3036740056, insize: 83, pid: 4071
   unique: 164, success, outsize: 24
unique: 165, opcode: RELEASE (18), nodeid: 3036740056, insize: 64, pid: 0
   unique: 165, success, outsize: 16
unique: 166, opcode: LOOKUP (1), nodeid: 1, insize: 46, pid: 4071
getattr 000000006fd366b8 0
getdir 000000006fd366b8
   getattr -> 1534668251 1534668251 1534668251
   unique: 166, success, outsize: 144
unique: 167, opcode: OPENDIR (27), nodeid: 1876125368, insize: 48, pid: 4071
   unique: 167, success, outsize: 32
unique: 168, opcode: GETATTR (3), nodeid: 1876125368, insize: 56, pid: 4071
getattr 000000006fd366b8 0
getdir 000000006fd366b8
   getattr -> 1534668251 1534668251 1534668251
   unique: 168, success, outsize: 120
unique: 169, opcode: READDIR (28), nodeid: 1876125368, insize: 80, pid: 4071
fuseserver_readdir
   unique: 169, success, outsize: 80
unique: 170, opcode: READDIR (28), nodeid: 1876125368, insize: 80, pid: 4071
fuseserver_readdir
   unique: 170, success, outsize: 16
unique: 171, opcode: RELEASEDIR (29), nodeid: 1876125368, insize: 64, pid: 0
   unique: 171, success, outsize: 16
unique: 172, opcode: LOOKUP (1), nodeid: 1, insize: 46, pid: 4071
getattr 000000006fd366b8 0
getdir 000000006fd366b8
   getattr -> 1534668252 1534668252 1534668252
   unique: 172, success, outsize: 144
unique: 173, opcode: OPENDIR (27), nodeid: 1876125368, insize: 48, pid: 4071
   unique: 173, success, outsize: 32
unique: 174, opcode: GETATTR (3), nodeid: 1876125368, insize: 56, pid: 4071
getattr 000000006fd366b8 0
getdir 000000006fd366b8
   getattr -> 1534668252 1534668252 1534668252
   unique: 174, success, outsize: 120
unique: 175, opcode: READDIR (28), nodeid: 1876125368, insize: 80, pid: 4071
fuseserver_readdir
   unique: 175, success, outsize: 48
unique: 176, opcode: READDIR (28), nodeid: 1876125368, insize: 80, pid: 4071
fuseserver_readdir
   unique: 176, success, outsize: 16
unique: 177, opcode: RELEASEDIR (29), nodeid: 1876125368, insize: 64, pid: 0
   unique: 177, success, outsize: 16
unique: 178, opcode: LOOKUP (1), nodeid: 1, insize: 46, pid: 4071
getattr 000000006fd366b8 0
getdir 000000006fd366b8
   getattr -> 1534668253 1534668253 1534668253
   unique: 178, success, outsize: 144
unique: 179, opcode: OPENDIR (27), nodeid: 1876125368, insize: 48, pid: 4071
   unique: 179, success, outsize: 32
unique: 180, opcode: GETATTR (3), nodeid: 1876125368, insize: 56, pid: 4071
getattr 000000006fd366b8 0
getdir 000000006fd366b8
   getattr -> 1534668253 1534668253 1534668253
   unique: 180, success, outsize: 120
unique: 181, opcode: READDIR (28), nodeid: 1876125368, insize: 80, pid: 4071
fuseserver_readdir
   unique: 181, success, outsize: 16
unique: 182, opcode: RELEASEDIR (29), nodeid: 1876125368, insize: 64, pid: 0
   unique: 182, success, outsize: 16
unique: 183, opcode: LOOKUP (1), nodeid: 1, insize: 46, pid: 4071
getattr 000000006fd366b8 0
getdir 000000006fd366b8
   getattr -> 1534668253 1534668253 1534668253
   unique: 183, success, outsize: 144
unique: 184, opcode: LOOKUP (1), nodeid: 1876125368, insize: 45, pid: 4071
   unique: 184, error: -2 (No such file or directory), outsize: 16
unique: 185, opcode: CREATE (35), nodeid: 1876125368, insize: 61, pid: 4071
getattr 000000009bf2db00 1
getfile 000000009bf2db00
getfile 000000009bf2db00 -> sz 0
   getattr -> 0
   unique: 185, success, outsize: 160
unique: 186, opcode: WRITE (16), nodeid: 2616384256, insize: 84, pid: 4071
   unique: 186, success, outsize: 24
unique: 187, opcode: RELEASE (18), nodeid: 2616384256, insize: 64, pid: 0
   unique: 187, success, outsize: 16
unique: 188, opcode: LOOKUP (1), nodeid: 1, insize: 46, pid: 4071
getattr 000000006fd366b8 0
getdir 000000006fd366b8
   getattr -> 1534668254 1534668254 1534668254
   unique: 188, success, outsize: 144
unique: 189, opcode: LOOKUP (1), nodeid: 1876125368, insize: 45, pid: 4071
   unique: 189, error: -2 (No such file or directory), outsize: 16
unique: 190, opcode: CREATE (35), nodeid: 1876125368, insize: 61, pid: 4071
getattr 00000000effef89f 1
getfile 00000000effef89f
getfile 00000000effef89f -> sz 0
   getattr -> 0
   unique: 190, success, outsize: 160
unique: 191, opcode: WRITE (16), nodeid: 4026464415, insize: 84, pid: 4071
   unique: 191, success, outsize: 24
unique: 192, opcode: RELEASE (18), nodeid: 4026464415, insize: 64, pid: 0
   unique: 192, success, outsize: 16
unique: 193, opcode: LOOKUP (1), nodeid: 1, insize: 46, pid: 4071
getattr 000000006fd366b8 0
getdir 000000006fd366b8
   getattr -> 1534668254 1534668254 1534668254
   unique: 193, success, outsize: 144
unique: 194, opcode: LOOKUP (1), nodeid: 1876125368, insize: 45, pid: 4071
   unique: 194, error: -2 (No such file or directory), outsize: 16
unique: 195, opcode: CREATE (35), nodeid: 1876125368, insize: 61, pid: 4071
getattr 00000000a9f6f32a 1
getfile 00000000a9f6f32a
getfile 00000000a9f6f32a -> sz 0
   getattr -> 0
   unique: 195, success, outsize: 160
unique: 196, opcode: WRITE (16), nodeid: 2851533610, insize: 84, pid: 4071
   unique: 196, success, outsize: 24
unique: 197, opcode: RELEASE (18), nodeid: 2851533610, insize: 64, pid: 0
   unique: 197, success, outsize: 16
unique: 198, opcode: LOOKUP (1), nodeid: 1, insize: 46, pid: 4071
getattr 000000006fd366b8 0
getdir 000000006fd366b8
   getattr -> 1534668254 1534668254 1534668254
   unique: 198, success, outsize: 144
unique: 199, opcode: LOOKUP (1), nodeid: 1876125368, insize: 45, pid: 4071
   unique: 199, error: -2 (No such file or directory), outsize: 16
unique: 200, opcode: CREATE (35), nodeid: 1876125368, insize: 61, pid: 4071
getattr 00000000ff733e5d 1
getfile 00000000ff733e5d
getfile 00000000ff733e5d -> sz 0
   getattr -> 0
   unique: 200, success, outsize: 160
unique: 201, opcode: WRITE (16), nodeid: 4285742685, insize: 84, pid: 4071
   unique: 201, success, outsize: 24
unique: 202, opcode: RELEASE (18), nodeid: 4285742685, insize: 64, pid: 0
   unique: 202, success, outsize: 16
unique: 203, opcode: LOOKUP (1), nodeid: 1, insize: 46, pid: 4071
getattr 000000006fd366b8 0
getdir 000000006fd366b8
   getattr -> 1534668254 1534668254 1534668254
   unique: 203, success, outsize: 144
unique: 204, opcode: LOOKUP (1), nodeid: 1876125368, insize: 45, pid: 4071
   unique: 204, error: -2 (No such file or directory), outsize: 16
unique: 205, opcode: CREATE (35), nodeid: 1876125368, insize: 61, pid: 4071
getattr 000000009cc2e7a4 1
getfile 000000009cc2e7a4
getfile 000000009cc2e7a4 -> sz 0
   getattr -> 0
   unique: 205, success, outsize: 160
unique: 206, opcode: WRITE (16), nodeid: 2630018980, insize: 84, pid: 4071
   unique: 206, success, outsize: 24
unique: 207, opcode: RELEASE (18), nodeid: 2630018980, insize: 64, pid: 0
   unique: 207, success, outsize: 16
unique: 208, opcode: LOOKUP (1), nodeid: 1, insize: 46, pid: 4071
getattr 000000006fd366b8 0
getdir 000000006fd366b8
   getattr -> 1534668254 1534668254 1534668254
   unique: 208, success, outsize: 144
unique: 209, opcode: LOOKUP (1), nodeid: 1876125368, insize: 45, pid: 4071
   unique: 209, error: -2 (No such file or directory), outsize: 16
unique: 210, opcode: CREATE (35), nodeid: 1876125368, insize: 61, pid: 4071
getattr 00000000dd811343 1
getfile 00000000dd811343
getfile 00000000dd811343 -> sz 0
   getattr -> 0
   unique: 210, success, outsize: 160
unique: 211, opcode: WRITE (16), nodeid: 3716223811, insize: 84, pid: 4071
   unique: 211, success, outsize: 24
unique: 212, opcode: RELEASE (18), nodeid: 3716223811, insize: 64, pid: 0
   unique: 212, success, outsize: 16
unique: 213, opcode: LOOKUP (1), nodeid: 1, insize: 46, pid: 4071
getattr 000000006fd366b8 0
getdir 000000006fd366b8
   getattr -> 1534668254 1534668254 1534668254
   unique: 213, success, outsize: 144
unique: 214, opcode: LOOKUP (1), nodeid: 1876125368, insize: 45, pid: 4071
   unique: 214, error: -2 (No such file or directory), outsize: 16
unique: 215, opcode: CREATE (35), nodeid: 1876125368, insize: 61, pid: 4071
getattr 00000000c653347a 1
getfile 00000000c653347a
getfile 00000000c653347a -> sz 0
   getattr -> 0
   unique: 215, success, outsize: 160
unique: 216, opcode: WRITE (16), nodeid: 3327341690, insize: 84, pid: 4071
   unique: 216, success, outsize: 24
unique: 217, opcode: RELEASE (18), nodeid: 3327341690, insize: 64, pid: 0
   unique: 217, success, outsize: 16
unique: 218, opcode: LOOKUP (1), nodeid: 1, insize: 46, pid: 4071
getattr 000000006fd366b8 0
getdir 000000006fd366b8
   getattr -> 1534668254 1534668254 1534668254
   unique: 218, success, outsize: 144
unique: 219, opcode: LOOKUP (1), nodeid: 1876125368, insize: 45, pid: 4071
   unique: 219, error: -2 (No such file or directory), outsize: 16
unique: 220, opcode: CREATE (35), nodeid: 1876125368, insize: 61, pid: 4071
getattr 00000000e70d17f6 1
getfile 00000000e70d17f6
getfile 00000000e70d17f6 -> sz 0
   getattr -> 0
   unique: 220, success, outsize: 160
unique: 221, opcode: WRITE (16), nodeid: 3876394998, insize: 84, pid: 4071
   unique: 221, success, outsize: 24
unique: 222, opcode: RELEASE (18), nodeid: 3876394998, insize: 64, pid: 0
   unique: 222, success, outsize: 16
unique: 223, opcode: LOOKUP (1), nodeid: 1, insize: 46, pid: 4071
getattr 000000006fd366b8 0
getdir 000000006fd366b8
   getattr -> 1534668254 1534668254 1534668254
   unique: 223, success, outsize: 144
unique: 224, opcode: LOOKUP (1), nodeid: 1876125368, insize: 45, pid: 4071
   unique: 224, error: -2 (No such file or directory), outsize: 16
unique: 225, opcode: CREATE (35), nodeid: 1876125368, insize: 61, pid: 4071
getattr 00000000ca4365ea 1
getfile 00000000ca4365ea
getfile 00000000ca4365ea -> sz 0
   getattr -> 0
   unique: 225, success, outsize: 160
unique: 226, opcode: WRITE (16), nodeid: 3393414634, insize: 84, pid: 4071
   unique: 226, success, outsize: 24
unique: 227, opcode: RELEASE (18), nodeid: 3393414634, insize: 64, pid: 0
   unique: 227, success, outsize: 16
unique: 228, opcode: LOOKUP (1), nodeid: 1, insize: 46, pid: 4071
getattr 000000006fd366b8 0
getdir 000000006fd366b8
   getattr -> 1534668254 1534668254 1534668254
   unique: 228, success, outsize: 144
unique: 229, opcode: LOOKUP (1), nodeid: 1876125368, insize: 45, pid: 4071
   unique: 229, error: -2 (No such file or directory), outsize: 16
unique: 230, opcode: CREATE (35), nodeid: 1876125368, insize: 61, pid: 4071
getattr 00000000979dbb37 1
getfile 00000000979dbb37
getfile 00000000979dbb37 -> sz 0
   getattr -> 0
   unique: 230, success, outsize: 160
unique: 231, opcode: WRITE (16), nodeid: 2543696695, insize: 84, pid: 4071
   unique: 231, success, outsize: 24
unique: 232, opcode: RELEASE (18), nodeid: 2543696695, insize: 64, pid: 0
   unique: 232, success, outsize: 16
unique: 233, opcode: LOOKUP (1), nodeid: 1, insize: 46, pid: 4071
getattr 000000006fd366b8 0
getdir 000000006fd366b8
   getattr -> 1534668255 1534668255 1534668255
   unique: 233, success, outsize: 144
unique: 234, opcode: LOOKUP (1), nodeid: 1876125368, insize: 45, pid: 4071
getattr 000000009bf2db00 1
getfile 000000009bf2db00
getfile 000000009bf2db00 -> sz 4
   getattr -> 4
   unique: 234, success, outsize: 144
unique: 235, opcode: OPEN (14), nodeid: 2616384256, insize: 48, pid: 4071
   unique: 235, success, outsize: 32
unique: 236, opcode: READ (15), nodeid: 2616384256, insize: 80, pid: 4071
   unique: 236, success, outsize: 20
unique: 237, opcode: RELEASE (18), nodeid: 2616384256, insize: 64, pid: 0
   unique: 237, success, outsize: 16
unique: 238, opcode: LOOKUP (1), nodeid: 1, insize: 46, pid: 4071
getattr 000000006fd366b8 0
getdir 000000006fd366b8
   getattr -> 1534668255 1534668255 1534668255
   unique: 238, success, outsize: 144
unique: 239, opcode: LOOKUP (1), nodeid: 1876125368, insize: 45, pid: 4071
getattr 00000000effef89f 1
getfile 00000000effef89f
getfile 00000000effef89f -> sz 4
   getattr -> 4
   unique: 239, success, outsize: 144
unique: 240, opcode: OPEN (14), nodeid: 4026464415, insize: 48, pid: 4071
   unique: 240, success, outsize: 32
unique: 241, opcode: READ (15), nodeid: 4026464415, insize: 80, pid: 4071
   unique: 241, success, outsize: 20
unique: 242, opcode: RELEASE (18), nodeid: 4026464415, insize: 64, pid: 0
   unique: 242, success, outsize: 16
unique: 243, opcode: LOOKUP (1), nodeid: 1, insize: 46, pid: 4071
getattr 000000006fd366b8 0
getdir 000000006fd366b8
   getattr -> 1534668255 1534668255 1534668255
   unique: 243, success, outsize: 144
unique: 244, opcode: LOOKUP (1), nodeid: 1876125368, insize: 45, pid: 4071
getattr 00000000a9f6f32a 1
getfile 00000000a9f6f32a
getfile 00000000a9f6f32a -> sz 4
   getattr -> 4
   unique: 244, success, outsize: 144
unique: 245, opcode: OPEN (14), nodeid: 2851533610, insize: 48, pid: 4071
   unique: 245, success, outsize: 32
unique: 246, opcode: READ (15), nodeid: 2851533610, insize: 80, pid: 4071
   unique: 246, success, outsize: 20
unique: 247, opcode: RELEASE (18), nodeid: 2851533610, insize: 64, pid: 0
   unique: 247, success, outsize: 16
unique: 248, opcode: LOOKUP (1), nodeid: 1, insize: 46, pid: 4071
getattr 000000006fd366b8 0
getdir 000000006fd366b8
   getattr -> 1534668255 1534668255 1534668255
   unique: 248, success, outsize: 144
unique: 249, opcode: LOOKUP (1), nodeid: 1876125368, insize: 45, pid: 4071
getattr 00000000ff733e5d 1
getfile 00000000ff733e5d
getfile 00000000ff733e5d -> sz 4
   getattr -> 4
   unique: 249, success, outsize: 144
unique: 250, opcode: OPEN (14), nodeid: 4285742685, insize: 48, pid: 4071
   unique: 250, success, outsize: 32
unique: 251, opcode: READ (15), nodeid: 4285742685, insize: 80, pid: 4071
   unique: 251, success, outsize: 20
unique: 252, opcode: RELEASE (18), nodeid: 4285742685, insize: 64, pid: 0
   unique: 252, success, outsize: 16
unique: 253, opcode: LOOKUP (1), nodeid: 1, insize: 46, pid: 4071
getattr 000000006fd366b8 0
getdir 000000006fd366b8
   getattr -> 1534668255 1534668255 1534668255
   unique: 253, success, outsize: 144
unique: 254, opcode: LOOKUP (1), nodeid: 1876125368, insize: 45, pid: 4071
getattr 000000009cc2e7a4 1
getfile 000000009cc2e7a4
getfile 000000009cc2e7a4 -> sz 4
   getattr -> 4
   unique: 254, success, outsize: 144
unique: 255, opcode: OPEN (14), nodeid: 2630018980, insize: 48, pid: 4071
   unique: 255, success, outsize: 32
unique: 256, opcode: READ (15), nodeid: 2630018980, insize: 80, pid: 4071
   unique: 256, success, outsize: 20
unique: 257, opcode: RELEASE (18), nodeid: 2630018980, insize: 64, pid: 0
   unique: 257, success, outsize: 16
unique: 258, opcode: LOOKUP (1), nodeid: 1, insize: 46, pid: 4071
getattr 000000006fd366b8 0
getdir 000000006fd366b8
   getattr -> 1534668255 1534668255 1534668255
   unique: 258, success, outsize: 144
unique: 259, opcode: LOOKUP (1), nodeid: 1876125368, insize: 45, pid: 4071
getattr 00000000dd811343 1
getfile 00000000dd811343
getfile 00000000dd811343 -> sz 4
   getattr -> 4
   unique: 259, success, outsize: 144
unique: 260, opcode: OPEN (14), nodeid: 3716223811, insize: 48, pid: 4071
   unique: 260, success, outsize: 32
unique: 261, opcode: READ (15), nodeid: 3716223811, insize: 80, pid: 4071
   unique: 261, success, outsize: 20
unique: 262, opcode: RELEASE (18), nodeid: 3716223811, insize: 64, pid: 0
   unique: 262, success, outsize: 16
unique: 263, opcode: LOOKUP (1), nodeid: 1, insize: 46, pid: 4071
getattr 000000006fd366b8 0
getdir 000000006fd366b8
   getattr -> 1534668255 1534668255 1534668255
   unique: 263, success, outsize: 144
unique: 264, opcode: LOOKUP (1), nodeid: 1876125368, insize: 45, pid: 4071
getattr 00000000c653347a 1
getfile 00000000c653347a
getfile 00000000c653347a -> sz 4
   getattr -> 4
   unique: 264, success, outsize: 144
unique: 265, opcode: OPEN (14), nodeid: 3327341690, insize: 48, pid: 4071
   unique: 265, success, outsize: 32
unique: 266, opcode: READ (15), nodeid: 3327341690, insize: 80, pid: 4071
   unique: 266, success, outsize: 20
unique: 267, opcode: RELEASE (18), nodeid: 3327341690, insize: 64, pid: 0
   unique: 267, success, outsize: 16
unique: 268, opcode: LOOKUP (1), nodeid: 1, insize: 46, pid: 4071
getattr 000000006fd366b8 0
getdir 000000006fd366b8
   getattr -> 1534668255 1534668255 1534668255
   unique: 268, success, outsize: 144
unique: 269, opcode: LOOKUP (1), nodeid: 1876125368, insize: 45, pid: 4071
getattr 00000000e70d17f6 1
getfile 00000000e70d17f6
getfile 00000000e70d17f6 -> sz 4
   getattr -> 4
   unique: 269, success, outsize: 144
unique: 270, opcode: OPEN (14), nodeid: 3876394998, insize: 48, pid: 4071
   unique: 270, success, outsize: 32
unique: 271, opcode: READ (15), nodeid: 3876394998, insize: 80, pid: 4071
   unique: 271, success, outsize: 20
unique: 272, opcode: RELEASE (18), nodeid: 3876394998, insize: 64, pid: 0
   unique: 272, success, outsize: 16
unique: 273, opcode: LOOKUP (1), nodeid: 1, insize: 46, pid: 4071
getattr 000000006fd366b8 0
getdir 000000006fd366b8
   getattr -> 1534668255 1534668255 1534668255
   unique: 273, success, outsize: 144
unique: 274, opcode: LOOKUP (1), nodeid: 1876125368, insize: 45, pid: 4071
getattr 00000000ca4365ea 1
getfile 00000000ca4365ea
getfile 00000000ca4365ea -> sz 4
   getattr -> 4
   unique: 274, success, outsize: 144
unique: 275, opcode: OPEN (14), nodeid: 3393414634, insize: 48, pid: 4071
   unique: 275, success, outsize: 32
unique: 276, opcode: READ (15), nodeid: 3393414634, insize: 80, pid: 4071
   unique: 276, success, outsize: 20
unique: 277, opcode: RELEASE (18), nodeid: 3393414634, insize: 64, pid: 0
   unique: 277, success, outsize: 16
unique: 278, opcode: LOOKUP (1), nodeid: 1, insize: 46, pid: 4071
getattr 000000006fd366b8 0
getdir 000000006fd366b8
   getattr -> 1534668255 1534668255 1534668255
   unique: 278, success, outsize: 144
unique: 279, opcode: LOOKUP (1), nodeid: 1876125368, insize: 45, pid: 4071
getattr 00000000979dbb37 1
getfile 00000000979dbb37
getfile 00000000979dbb37 -> sz 4
   getattr -> 4
   unique: 279, success, outsize: 144
unique: 280, opcode: OPEN (14), nodeid: 2543696695, insize: 48, pid: 4071
   unique: 280, success, outsize: 32
unique: 281, opcode: READ (15), nodeid: 2543696695, insize: 80, pid: 4071
   unique: 281, success, outsize: 20
unique: 282, opcode: RELEASE (18), nodeid: 2543696695, insize: 64, pid: 0
   unique: 282, success, outsize: 16
unique: 283, opcode: LOOKUP (1), nodeid: 1, insize: 46, pid: 4071
getattr 000000006fd366b8 0
getdir 000000006fd366b8
   getattr -> 1534668255 1534668255 1534668255
   unique: 283, success, outsize: 144
unique: 284, opcode: LOOKUP (1), nodeid: 1876125368, insize: 45, pid: 4071
getattr 00000000ca3be144 1
getfile 00000000ca3be144
getfile 00000000ca3be144 -> sz 4
   getattr -> 4
   unique: 284, success, outsize: 144
unique: 285, opcode: OPEN (14), nodeid: 3392921924, insize: 48, pid: 4071
   unique: 285, success, outsize: 32
unique: 286, opcode: READ (15), nodeid: 3392921924, insize: 80, pid: 4071
   unique: 286, success, outsize: 20
unique: 287, opcode: RELEASE (18), nodeid: 3392921924, insize: 64, pid: 0
   unique: 287, success, outsize: 16
unique: 288, opcode: LOOKUP (1), nodeid: 1, insize: 46, pid: 4071
getattr 000000006fd366b8 0
getdir 000000006fd366b8
   getattr -> 1534668255 1534668255 1534668255
   unique: 288, success, outsize: 144
unique: 289, opcode: LOOKUP (1), nodeid: 1876125368, insize: 45, pid: 4071
getattr 00000000d567ad5f 1
getfile 00000000d567ad5f
getfile 00000000d567ad5f -> sz 4
   getattr -> 4
   unique: 289, success, outsize: 144
unique: 290, opcode: OPEN (14), nodeid: 3580341599, insize: 48, pid: 4071
   unique: 290, success, outsize: 32
unique: 291, opcode: READ (15), nodeid: 3580341599, insize: 80, pid: 4071
   unique: 291, success, outsize: 20
unique: 292, opcode: RELEASE (18), nodeid: 3580341599, insize: 64, pid: 0
   unique: 292, success, outsize: 16
unique: 293, opcode: LOOKUP (1), nodeid: 1, insize: 46, pid: 4071
getattr 000000006fd366b8 0
getdir 000000006fd366b8
   getattr -> 1534668255 1534668255 1534668255
   unique: 293, success, outsize: 144
unique: 294, opcode: LOOKUP (1), nodeid: 1876125368, insize: 45, pid: 4071
getattr 00000000ed6b855b 1
getfile 00000000ed6b855b
getfile 00000000ed6b855b -> sz 4
   getattr -> 4
   unique: 294, success, outsize: 144
unique: 295, opcode: OPEN (14), nodeid: 3983246683, insize: 48, pid: 4071
   unique: 295, success, outsize: 32
unique: 296, opcode: READ (15), nodeid: 3983246683, insize: 80, pid: 4071
   unique: 296, success, outsize: 20
unique: 297, opcode: RELEASE (18), nodeid: 3983246683, insize: 64, pid: 0
   unique: 297, success, outsize: 16
unique: 298, opcode: LOOKUP (1), nodeid: 1, insize: 46, pid: 4071
getattr 000000006fd366b8 0
getdir 000000006fd366b8
   getattr -> 1534668255 1534668255 1534668255
   unique: 298, success, outsize: 144
unique: 299, opcode: LOOKUP (1), nodeid: 1876125368, insize: 45, pid: 4071
getattr 00000000f82e574b 1
getfile 00000000f82e574b
getfile 00000000f82e574b -> sz 4
   getattr -> 4
   unique: 299, success, outsize: 144
unique: 300, opcode: OPEN (14), nodeid: 4163786571, insize: 48, pid: 4071
   unique: 300, success, outsize: 32
unique: 301, opcode: READ (15), nodeid: 4163786571, insize: 80, pid: 4071
   unique: 301, success, outsize: 20
unique: 302, opcode: RELEASE (18), nodeid: 4163786571, insize: 64, pid: 0
   unique: 302, success, outsize: 16
unique: 303, opcode: LOOKUP (1), nodeid: 1, insize: 46, pid: 4071
getattr 000000006fd366b8 0
getdir 000000006fd366b8
   getattr -> 1534668255 1534668255 1534668255
   unique: 303, success, outsize: 144
unique: 304, opcode: LOOKUP (1), nodeid: 1876125368, insize: 45, pid: 4071
getattr 00000000bb68492d 1
getfile 00000000bb68492d
getfile 00000000bb68492d -> sz 4
   getattr -> 4
   unique: 304, success, outsize: 144
unique: 305, opcode: OPEN (14), nodeid: 3144173869, insize: 48, pid: 4071
   unique: 305, success, outsize: 32
unique: 306, opcode: READ (15), nodeid: 3144173869, insize: 80, pid: 4071
   unique: 306, success, outsize: 20
unique: 307, opcode: RELEASE (18), nodeid: 3144173869, insize: 64, pid: 0
   unique: 307, success, outsize: 16
unique: 308, opcode: LOOKUP (1), nodeid: 1, insize: 46, pid: 4071
getattr 000000006fd366b8 0
getdir 000000006fd366b8
   getattr -> 1534668255 1534668255 1534668255
   unique: 308, success, outsize: 144
unique: 309, opcode: LOOKUP (1), nodeid: 1876125368, insize: 45, pid: 4071
getattr 00000000b80ab5bb 1
getfile 00000000b80ab5bb
getfile 00000000b80ab5bb -> sz 4
   getattr -> 4
   unique: 309, success, outsize: 144
unique: 310, opcode: OPEN (14), nodeid: 3087709627, insize: 48, pid: 4071
   unique: 310, success, outsize: 32
unique: 311, opcode: READ (15), nodeid: 3087709627, insize: 80, pid: 4071
   unique: 311, success, outsize: 20
unique: 312, opcode: RELEASE (18), nodeid: 3087709627, insize: 64, pid: 0
   unique: 312, success, outsize: 16
unique: 313, opcode: LOOKUP (1), nodeid: 1, insize: 46, pid: 4071
getattr 000000006fd366b8 0
getdir 000000006fd366b8
   getattr -> 1534668255 1534668255 1534668255
   unique: 313, success, outsize: 144
unique: 314, opcode: LOOKUP (1), nodeid: 1876125368, insize: 45, pid: 4071
getattr 00000000d4e6bb7d 1
getfile 00000000d4e6bb7d
getfile 00000000d4e6bb7d -> sz 4
   getattr -> 4
   unique: 314, success, outsize: 144
unique: 315, opcode: OPEN (14), nodeid: 3571891069, insize: 48, pid: 4071
   unique: 315, success, outsize: 32
unique: 316, opcode: READ (15), nodeid: 3571891069, insize: 80, pid: 4071
   unique: 316, success, outsize: 20
unique: 317, opcode: RELEASE (18), nodeid: 3571891069, insize: 64, pid: 0
   unique: 317, success, outsize: 16
unique: 318, opcode: LOOKUP (1), nodeid: 1, insize: 46, pid: 4071
getattr 000000006fd366b8 0
getdir 000000006fd366b8
   getattr -> 1534668255 1534668255 1534668255
   unique: 318, success, outsize: 144
unique: 319, opcode: LOOKUP (1), nodeid: 1876125368, insize: 45, pid: 4071
getattr 000000009f0a6c71 1
getfile 000000009f0a6c71
getfile 000000009f0a6c71 -> sz 4
   getattr -> 4
   unique: 319, success, outsize: 144
unique: 320, opcode: OPEN (14), nodeid: 2668260465, insize: 48, pid: 4071
   unique: 320, success, outsize: 32
unique: 321, opcode: READ (15), nodeid: 2668260465, insize: 80, pid: 4071
   unique: 321, success, outsize: 20
unique: 322, opcode: RELEASE (18), nodeid: 2668260465, insize: 64, pid: 0
   unique: 322, success, outsize: 16
unique: 323, opcode: LOOKUP (1), nodeid: 1, insize: 46, pid: 4071
getattr 000000006fd366b8 0
getdir 000000006fd366b8
   getattr -> 1534668255 1534668255 1534668255
   unique: 323, success, outsize: 144
unique: 324, opcode: LOOKUP (1), nodeid: 1876125368, insize: 45, pid: 4071
getattr 0000000086ce31c4 1
getfile 0000000086ce31c4
getfile 0000000086ce31c4 -> sz 4
   getattr -> 4
   unique: 324, success, outsize: 144
unique: 325, opcode: OPEN (14), nodeid: 2261660100, insize: 48, pid: 4071
   unique: 325, success, outsize: 32
unique: 326, opcode: READ (15), nodeid: 2261660100, insize: 80, pid: 4071
   unique: 326, success, outsize: 20
unique: 327, opcode: RELEASE (18), nodeid: 2261660100, insize: 64, pid: 0
   unique: 327, success, outsize: 16
unique: 328, opcode: LOOKUP (1), nodeid: 1, insize: 46, pid: 4071
getattr 000000006fd366b8 0
getdir 000000006fd366b8
   getattr -> 1534668255 1534668255 1534668255
   unique: 328, success, outsize: 144
unique: 329, opcode: LOOKUP (1), nodeid: 1876125368, insize: 45, pid: 4071
getattr 00000000accb6604 1
getfile 00000000accb6604
getfile 00000000accb6604 -> sz 4
   getattr -> 4
   unique: 329, success, outsize: 144
unique: 330, opcode: OPEN (14), nodeid: 2899011076, insize: 48, pid: 4071
   unique: 330, success, outsize: 32
unique: 331, opcode: READ (15), nodeid: 2899011076, insize: 80, pid: 4071
   unique: 331, success, outsize: 20
unique: 332, opcode: RELEASE (18), nodeid: 2899011076, insize: 64, pid: 0
   unique: 332, success, outsize: 16
unique: 333, opcode: LOOKUP (1), nodeid: 1, insize: 46, pid: 4071
getattr 000000006fd366b8 0
getdir 000000006fd366b8
   getattr -> 1534668255 1534668255 1534668255
   unique: 333, success, outsize: 144
unique: 334, opcode: LOOKUP (1), nodeid: 1876125368, insize: 45, pid: 4071
getattr 000000009bf2db00 1
getfile 000000009bf2db00
getfile 000000009bf2db00 -> sz 4
   getattr -> 4
   unique: 334, success, outsize: 144
unique: 335, opcode: UNLINK (10), nodeid: 1876125368, insize: 45, pid: 4071
   unique: 335, success, outsize: 16
unique: 336, opcode: LOOKUP (1), nodeid: 1, insize: 46, pid: 4071
getattr 000000006fd366b8 0
getdir 000000006fd366b8
   getattr -> 1534668256 1534668256 1534668256
   unique: 336, success, outsize: 144
unique: 337, opcode: FORGET (2), nodeid: 2616384256, insize: 48, pid: 0
unique: 338, opcode: LOOKUP (1), nodeid: 1876125368, insize: 45, pid: 4071
getattr 00000000effef89f 1
getfile 00000000effef89f
getfile 00000000effef89f -> sz 4
   getattr -> 4
   unique: 338, success, outsize: 144
unique: 339, opcode: UNLINK (10), nodeid: 1876125368, insize: 45, pid: 4071
   unique: 339, success, outsize: 16
unique: 340, opcode: LOOKUP (1), nodeid: 1, insize: 46, pid: 4071
getattr 000000006fd366b8 0
getdir 000000006fd366b8
   getattr -> 1534668256 1534668256 1534668256
   unique: 340, success, outsize: 144
unique: 341, opcode: FORGET (2), nodeid: 4026464415, insize: 48, pid: 0
unique: 342, opcode: LOOKUP (1), nodeid: 1876125368, insize: 45, pid: 4071
getattr 00000000a9f6f32a 1
getfile 00000000a9f6f32a
getfile 00000000a9f6f32a -> sz 4
   getattr -> 4
   unique: 342, success, outsize: 144
unique: 343, opcode: UNLINK (10), nodeid: 1876125368, insize: 45, pid: 4071
   unique: 343, success, outsize: 16
unique: 344, opcode: LOOKUP (1), nodeid: 1, insize: 46, pid: 4071
getattr 000000006fd366b8 0
getdir 000000006fd366b8
   getattr -> 1534668256 1534668256 1534668256
   unique: 344, success, outsize: 144
unique: 345, opcode: FORGET (2), nodeid: 2851533610, insize: 48, pid: 0
unique: 346, opcode: LOOKUP (1), nodeid: 1876125368, insize: 45, pid: 4071
getattr 00000000ff733e5d 1
getfile 00000000ff733e5d
getfile 00000000ff733e5d -> sz 4
   getattr -> 4
   unique: 346, success, outsize: 144
unique: 347, opcode: UNLINK (10), nodeid: 1876125368, insize: 45, pid: 4071
   unique: 347, success, outsize: 16
unique: 348, opcode: LOOKUP (1), nodeid: 1, insize: 46, pid: 4071
getattr 000000006fd366b8 0
getdir 000000006fd366b8
   getattr -> 1534668256 1534668256 1534668256
   unique: 348, success, outsize: 144
unique: 349, opcode: FORGET (2), nodeid: 4285742685, insize: 48, pid: 0
unique: 350, opcode: LOOKUP (1), nodeid: 1876125368, insize: 45, pid: 4071
getattr 000000009cc2e7a4 1
getfile 000000009cc2e7a4
getfile 000000009cc2e7a4 -> sz 4
   getattr -> 4
   unique: 350, success, outsize: 144
unique: 351, opcode: UNLINK (10), nodeid: 1876125368, insize: 45, pid: 4071
   unique: 351, success, outsize: 16
unique: 352, opcode: LOOKUP (1), nodeid: 1, insize: 46, pid: 4071
getattr 000000006fd366b8 0
getdir 000000006fd366b8
   getattr -> 1534668256 1534668256 1534668256
   unique: 352, success, outsize: 144
unique: 353, opcode: FORGET (2), nodeid: 2630018980, insize: 48, pid: 0
unique: 354, opcode: LOOKUP (1), nodeid: 1876125368, insize: 45, pid: 4071
getattr 00000000dd811343 1
getfile 00000000dd811343
getfile 00000000dd811343 -> sz 4
   getattr -> 4
   unique: 354, success, outsize: 144
unique: 355, opcode: UNLINK (10), nodeid: 1876125368, insize: 45, pid: 4071
   unique: 355, success, outsize: 16
unique: 356, opcode: FORGET (2), nodeid: 3716223811, insize: 48, pid: 0
unique: 357, opcode: LOOKUP (1), nodeid: 1, insize: 46, pid: 4071
getattr 000000006fd366b8 0
getdir 000000006fd366b8
   getattr -> 1534668256 1534668256 1534668256
   unique: 357, success, outsize: 144
unique: 358, opcode: LOOKUP (1), nodeid: 1876125368, insize: 45, pid: 4071
getattr 00000000c653347a 1
getfile 00000000c653347a
getfile 00000000c653347a -> sz 4
   getattr -> 4
   unique: 358, success, outsize: 144
unique: 359, opcode: UNLINK (10), nodeid: 1876125368, insize: 45, pid: 4071
   unique: 359, success, outsize: 16
unique: 360, opcode: LOOKUP (1), nodeid: 1, insize: 46, pid: 4071
getattr 000000006fd366b8 0
getdir 000000006fd366b8
   getattr -> 1534668256 1534668256 1534668256
   unique: 360, success, outsize: 144
unique: 361, opcode: FORGET (2), nodeid: 3327341690, insize: 48, pid: 0
unique: 362, opcode: LOOKUP (1), nodeid: 1876125368, insize: 45, pid: 4071
getattr 00000000e70d17f6 1
getfile 00000000e70d17f6
getfile 00000000e70d17f6 -> sz 4
   getattr -> 4
   unique: 362, success, outsize: 144
unique: 363, opcode: UNLINK (10), nodeid: 1876125368, insize: 45, pid: 4071
   unique: 363, success, outsize: 16
unique: 364, opcode: LOOKUP (1), nodeid: 1, insize: 46, pid: 4071
getattr 000000006fd366b8 0
getdir 000000006fd366b8
   getattr -> 1534668256 1534668256 1534668256
   unique: 364, success, outsize: 144
unique: 365, opcode: FORGET (2), nodeid: 3876394998, insize: 48, pid: 0
unique: 366, opcode: LOOKUP (1), nodeid: 1876125368, insize: 45, pid: 4071
getattr 00000000ca4365ea 1
getfile 00000000ca4365ea
getfile 00000000ca4365ea -> sz 4
   getattr -> 4
   unique: 366, success, outsize: 144
unique: 367, opcode: UNLINK (10), nodeid: 1876125368, insize: 45, pid: 4071
   unique: 367, success, outsize: 16
unique: 368, opcode: FORGET (2), nodeid: 3393414634, insize: 48, pid: 0
unique: 369, opcode: LOOKUP (1), nodeid: 1, insize: 46, pid: 4071
getattr 000000006fd366b8 0
getdir 000000006fd366b8
   getattr -> 1534668256 1534668256 1534668256
   unique: 369, success, outsize: 144
unique: 370, opcode: LOOKUP (1), nodeid: 1876125368, insize: 45, pid: 4071
getattr 00000000979dbb37 1
getfile 00000000979dbb37
getfile 00000000979dbb37 -> sz 4
   getattr -> 4
   unique: 370, success, outsize: 144
unique: 371, opcode: UNLINK (10), nodeid: 1876125368, insize: 45, pid: 4071
   unique: 371, success, outsize: 16
unique: 372, opcode: FORGET (2), nodeid: 2543696695, insize: 48, pid: 0
unique: 373, opcode: LOOKUP (1), nodeid: 1, insize: 46, pid: 4071
getattr 000000006fd366b8 0
getdir 000000006fd366b8
   getattr -> 1534668257 1534668257 1534668257
   unique: 373, success, outsize: 144
unique: 374, opcode: LOOKUP (1), nodeid: 1876125368, insize: 43, pid: 4071
   unique: 374, error: -2 (No such file or directory), outsize: 16
unique: 375, opcode: CREATE (35), nodeid: 1876125368, insize: 59, pid: 4071
getattr 00000000b94e3e65 1
getfile 00000000b94e3e65
getfile 00000000b94e3e65 -> sz 0
   getattr -> 0
   unique: 375, success, outsize: 160
unique: 376, opcode: WRITE (16), nodeid: 3108912741, insize: 4176, pid: 4071
   unique: 376, success, outsize: 24
unique: 377, opcode: WRITE (16), nodeid: 3108912741, insize: 4176, pid: 4071
   unique: 377, success, outsize: 24
unique: 378, opcode: WRITE (16), nodeid: 3108912741, insize: 4176, pid: 4071
   unique: 378, success, outsize: 24
unique: 379, opcode: WRITE (16), nodeid: 3108912741, insize: 4176, pid: 4071
   unique: 379, success, outsize: 24
unique: 380, opcode: WRITE (16), nodeid: 3108912741, insize: 3696, pid: 4071
   unique: 380, success, outsize: 24
unique: 381, opcode: RELEASE (18), nodeid: 3108912741, insize: 64, pid: 0
   unique: 381, success, outsize: 16
unique: 382, opcode: LOOKUP (1), nodeid: 1, insize: 46, pid: 4071
getattr 000000006fd366b8 0
getdir 000000006fd366b8
   getattr -> 1534668258 1534668258 1534668258
   unique: 382, success, outsize: 144
unique: 383, opcode: LOOKUP (1), nodeid: 1876125368, insize: 43, pid: 4071
getattr 00000000b94e3e65 1
getfile 00000000b94e3e65
getfile 00000000b94e3e65 -> sz 20000
   getattr -> 20000
   unique: 383, success, outsize: 144
unique: 384, opcode: OPEN (14), nodeid: 3108912741, insize: 48, pid: 4071
   unique: 384, success, outsize: 32
unique: 385, opcode: GETATTR (3), nodeid: 3108912741, insize: 56, pid: 4071
getattr 00000000b94e3e65 1
getfile 00000000b94e3e65
getfile 00000000b94e3e65 -> sz 20000
   getattr -> 20000
   unique: 385, success, outsize: 120
unique: 386, opcode: READ (15), nodeid: 3108912741, insize: 80, pid: 4071
   unique: 386, success, outsize: 20016
unique: 387, opcode: RELEASE (18), nodeid: 3108912741, insize: 64, pid: 0
   unique: 387, success, outsize: 16
unique: 388, opcode: LOOKUP (1), nodeid: 1, insize: 46, pid: 4071
getattr 000000006fd366b8 0
getdir 000000006fd366b8
   getattr -> 1534668258 1534668258 1534668258
   unique: 388, success, outsize: 144
unique: 389, opcode: LOOKUP (1), nodeid: 1876125368, insize: 43, pid: 4071
getattr 00000000b94e3e65 1
getfile 00000000b94e3e65
getfile 00000000b94e3e65 -> sz 20000
   getattr -> 20000
   unique: 389, success, outsize: 144
unique: 390, opcode: UNLINK (10), nodeid: 1876125368, insize: 43, pid: 4071
   unique: 390, success, outsize: 16
unique: 391, opcode: FORGET (2), nodeid: 3108912741, insize: 48, pid: 0
unique: 392, opcode: LOOKUP (1), nodeid: 1, insize: 46, pid: 4071
getattr 000000006fd366b8 0
getdir 000000006fd366b8
   getattr -> 1534668259 1534668259 1534668259
   unique: 392, success, outsize: 144
unique: 393, opcode: LOOKUP (1), nodeid: 1876125368, insize: 45, pid: 4071
   unique: 393, error: -2 (No such file or directory), outsize: 16
unique: 394, opcode: CREATE (35), nodeid: 1876125368, insize: 61, pid: 4071
getattr 00000000dcdb37e5 1
getfile 00000000dcdb37e5
getfile 00000000dcdb37e5 -> sz 0
   getattr -> 0
   unique: 394, success, outsize: 160
unique: 395, opcode: WRITE (16), nodeid: 3705354213, insize: 84, pid: 4071
   unique: 395, success, outsize: 24
unique: 396, opcode: RELEASE (18), nodeid: 3705354213, insize: 64, pid: 0
   unique: 396, success, outsize: 16
unique: 397, opcode: LOOKUP (1), nodeid: 1, insize: 46, pid: 4071
getattr 000000006fd366b8 0
getdir 000000006fd366b8
   getattr -> 1534668260 1534668260 1534668260
   unique: 397, success, outsize: 144
unique: 398, opcode: LOOKUP (1), nodeid: 1876125368, insize: 45, pid: 4071
   unique: 398, error: -2 (No such file or directory), outsize: 16
unique: 399, opcode: CREATE (35), nodeid: 1876125368, insize: 61, pid: 4071
getattr 00000000dd2049ac 1
getfile 00000000dd2049ac
getfile 00000000dd2049ac -> sz 0
   getattr -> 0
   unique: 399, success, outsize: 160
unique: 400, opcode: WRITE (16), nodeid: 3709880748, insize: 84, pid: 4071
   unique: 400, success, outsize: 24
unique: 401, opcode: RELEASE (18), nodeid: 3709880748, insize: 64, pid: 0
   unique: 401, success, outsize: 16
unique: 402, opcode: LOOKUP (1), nodeid: 1, insize: 46, pid: 4071
getattr 000000006fd366b8 0
getdir 000000006fd366b8
   getattr -> 1534668260 1534668260 1534668260
   unique: 402, success, outsize: 144
unique: 403, opcode: LOOKUP (1), nodeid: 1876125368, insize: 45, pid: 4071
   unique: 403, error: -2 (No such file or directory), outsize: 16
unique: 404, opcode: CREATE (35), nodeid: 1876125368, insize: 61, pid: 4071
getattr 00000000b9be7f8c 1
getfile 00000000b9be7f8c
getfile 00000000b9be7f8c -> sz 0
   getattr -> 0
   unique: 404, success, outsize: 160
unique: 405, opcode: WRITE (16), nodeid: 3116269452, insize: 84, pid: 4071
   unique: 405, success, outsize: 24
unique: 406, opcode: RELEASE (18), nodeid: 3116269452, insize: 64, pid: 0
   unique: 406, success, outsize: 16
unique: 407, opcode: LOOKUP (1), nodeid: 1, insize: 46, pid: 4071
getattr 000000006fd366b8 0
getdir 000000006fd366b8
   getattr -> 1534668260 1534668260 1534668260
   unique: 407, success, outsize: 144
unique: 408, opcode: LOOKUP (1), nodeid: 1876125368, insize: 45, pid: 4071
   unique: 408, error: -2 (No such file or directory), outsize: 16
unique: 409, opcode: CREATE (35), nodeid: 1876125368, insize: 61, pid: 4071
getattr 00000000a06e2bb3 1
getfile 00000000a06e2bb3
getfile 00000000a06e2bb3 -> sz 0
   getattr -> 0
   unique: 409, success, outsize: 160
unique: 410, opcode: WRITE (16), nodeid: 2691574707, insize: 84, pid: 4071
   unique: 410, success, outsize: 24
unique: 411, opcode: RELEASE (18), nodeid: 2691574707, insize: 64, pid: 0
   unique: 411, success, outsize: 16
unique: 412, opcode: LOOKUP (1), nodeid: 1, insize: 46, pid: 4071
getattr 000000006fd366b8 0
getdir 000000006fd366b8
   getattr -> 1534668260 1534668260 1534668260
   unique: 412, success, outsize: 144
unique: 413, opcode: LOOKUP (1), nodeid: 1876125368, insize: 45, pid: 4071
   unique: 413, error: -2 (No such file or directory), outsize: 16
unique: 414, opcode: CREATE (35), nodeid: 1876125368, insize: 61, pid: 4071
getattr 00000000b1af0a4d 1
getfile 00000000b1af0a4d
getfile 00000000b1af0a4d -> sz 0
   getattr -> 0
   unique: 414, success, outsize: 160
unique: 415, opcode: WRITE (16), nodeid: 2981038669, insize: 84, pid: 4071
   unique: 415, success, outsize: 24
unique: 416, opcode: RELEASE (18), nodeid: 2981038669, insize: 64, pid: 0
   unique: 416, success, outsize: 16
unique: 417, opcode: LOOKUP (1), nodeid: 1, insize: 46, pid: 4071
getattr 000000006fd366b8 0
getdir 000000006fd366b8
   getattr -> 1534668260 1534668260 1534668260
   unique: 417, success, outsize: 144
unique: 418, opcode: LOOKUP (1), nodeid: 1876125368, insize: 45, pid: 4071
   unique: 418, error: -2 (No such file or directory), outsize: 16
unique: 419, opcode: CREATE (35), nodeid: 1876125368, insize: 61, pid: 4071
getattr 00000000a6b4f8d9 1
getfile 00000000a6b4f8d9
getfile 00000000a6b4f8d9 -> sz 0
   getattr -> 0
   unique: 419, success, outsize: 160
unique: 420, opcode: WRITE (16), nodeid: 2796878041, insize: 84, pid: 4071
   unique: 420, success, outsize: 24
unique: 421, opcode: RELEASE (18), nodeid: 2796878041, insize: 64, pid: 0
   unique: 421, success, outsize: 16
unique: 422, opcode: LOOKUP (1), nodeid: 1, insize: 46, pid: 4071
getattr 000000006fd366b8 0
getdir 000000006fd366b8
   getattr -> 1534668260 1534668260 1534668260
   unique: 422, success, outsize: 144
unique: 423, opcode: LOOKUP (1), nodeid: 1876125368, insize: 45, pid: 4071
   unique: 423, error: -2 (No such file or directory), outsize: 16
unique: 424, opcode: CREATE (35), nodeid: 1876125368, insize: 61, pid: 4071
getattr 00000000acd93f8c 1
getfile 00000000acd93f8c
getfile 00000000acd93f8c -> sz 0
   getattr -> 0
   unique: 424, success, outsize: 160
unique: 425, opcode: WRITE (16), nodeid: 2899918732, insize: 84, pid: 4071
   unique: 425, success, outsize: 24
unique: 426, opcode: RELEASE (18), nodeid: 2899918732, insize: 64, pid: 0
   unique: 426, success, outsize: 16
unique: 427, opcode: LOOKUP (1), nodeid: 1, insize: 46, pid: 4071
getattr 000000006fd366b8 0
getdir 000000006fd366b8
   getattr -> 1534668260 1534668260 1534668260
   unique: 427, success, outsize: 144
unique: 428, opcode: LOOKUP (1), nodeid: 1876125368, insize: 45, pid: 4071
   unique: 428, error: -2 (No such file or directory), outsize: 16
unique: 429, opcode: CREATE (35), nodeid: 1876125368, insize: 61, pid: 4071
getattr 00000000b400f302 1
getfile 00000000b400f302
getfile 00000000b400f302 -> sz 0
   getattr -> 0
   unique: 429, success, outsize: 160
unique: 430, opcode: WRITE (16), nodeid: 3019961090, insize: 84, pid: 4071
   unique: 430, success, outsize: 24
unique: 431, opcode: RELEASE (18), nodeid: 3019961090, insize: 64, pid: 0
   unique: 431, success, outsize: 16
unique: 432, opcode: LOOKUP (1), nodeid: 1, insize: 46, pid: 4071
getattr 000000006fd366b8 0
getdir 000000006fd366b8
   getattr -> 1534668260 1534668260 1534668260
   unique: 432, success, outsize: 144
unique: 433, opcode: LOOKUP (1), nodeid: 1876125368, insize: 45, pid: 4071
   unique: 433, error: -2 (No such file or directory), outsize: 16
unique: 434, opcode: CREATE (35), nodeid: 1876125368, insize: 61, pid: 4071
getattr 00000000819a8e42 1
getfile 00000000819a8e42
getfile 00000000819a8e42 -> sz 0
   getattr -> 0
   unique: 434, success, outsize: 160
unique: 435, opcode: WRITE (16), nodeid: 2174389826, insize: 84, pid: 4071
   unique: 435, success, outsize: 24
unique: 436, opcode: RELEASE (18), nodeid: 2174389826, insize: 64, pid: 0
   unique: 436, success, outsize: 16
unique: 437, opcode: LOOKUP (1), nodeid: 1, insize: 46, pid: 4071
getattr 000000006fd366b8 0
getdir 000000006fd366b8
   getattr -> 1534668260 1534668260 1534668260
   unique: 437, success, outsize: 144
unique: 438, opcode: LOOKUP (1), nodeid: 1876125368, insize: 45, pid: 4071
   unique: 438, error: -2 (No such file or directory), outsize: 16
unique: 439, opcode: CREATE (35), nodeid: 1876125368, insize: 61, pid: 4071
getattr 00000000ed00804c 1
getfile 00000000ed00804c
getfile 00000000ed00804c -> sz 0
   getattr -> 0
   unique: 439, success, outsize: 160
unique: 440, opcode: WRITE (16), nodeid: 3976233036, insize: 84, pid: 4071
   unique: 440, success, outsize: 24
unique: 441, opcode: RELEASE (18), nodeid: 3976233036, insize: 64, pid: 0
   unique: 441, success, outsize: 16
unique: 442, opcode: LOOKUP (1), nodeid: 1, insize: 46, pid: 4071
getattr 000000006fd366b8 0
getdir 000000006fd366b8
   getattr -> 1534668260 1534668260 1534668260
   unique: 442, success, outsize: 144
unique: 443, opcode: LOOKUP (1), nodeid: 1876125368, insize: 46, pid: 4071
   unique: 443, error: -2 (No such file or directory), outsize: 16
unique: 444, opcode: CREATE (35), nodeid: 1876125368, insize: 62, pid: 4071
getattr 00000000cab45110 1
getfile 00000000cab45110
getfile 00000000cab45110 -> sz 0
   getattr -> 0
   unique: 444, success, outsize: 160
unique: 445, opcode: WRITE (16), nodeid: 3400814864, insize: 84, pid: 4071
   unique: 445, success, outsize: 24
unique: 446, opcode: RELEASE (18), nodeid: 3400814864, insize: 64, pid: 0
   unique: 446, success, outsize: 16
unique: 447, opcode: LOOKUP (1), nodeid: 1, insize: 46, pid: 4071
getattr 000000006fd366b8 0
getdir 000000006fd366b8
   getattr -> 1534668260 1534668260 1534668260
   unique: 447, success, outsize: 144
unique: 448, opcode: LOOKUP (1), nodeid: 1876125368, insize: 46, pid: 4071
   unique: 448, error: -2 (No such file or directory), outsize: 16
unique: 449, opcode: CREATE (35), nodeid: 1876125368, insize: 62, pid: 4071
getattr 00000000ab7ef0d5 1
getfile 00000000ab7ef0d5
getfile 00000000ab7ef0d5 -> sz 0
   getattr -> 0
   unique: 449, success, outsize: 160
unique: 450, opcode: WRITE (16), nodeid: 2877223125, insize: 84, pid: 4071
   unique: 450, success, outsize: 24
unique: 451, opcode: RELEASE (18), nodeid: 2877223125, insize: 64, pid: 0
   unique: 451, success, outsize: 16
unique: 452, opcode: LOOKUP (1), nodeid: 1, insize: 46, pid: 4071
getattr 000000006fd366b8 0
getdir 000000006fd366b8
   getattr -> 1534668260 1534668260 1534668260
   unique: 452, success, outsize: 144
unique: 453, opcode: LOOKUP (1), nodeid: 1876125368, insize: 46, pid: 4071
   unique: 453, error: -2 (No such file or directory), outsize: 16
unique: 454, opcode: CREATE (35), nodeid: 1876125368, insize: 62, pid: 4071
getattr 00000000b1789d72 1
getfile 00000000b1789d72
getfile 00000000b1789d72 -> sz 0
   getattr -> 0
   unique: 454, success, outsize: 160
unique: 455, opcode: WRITE (16), nodeid: 2977471858, insize: 84, pid: 4071
   unique: 455, success, outsize: 24
unique: 456, opcode: RELEASE (18), nodeid: 2977471858, insize: 64, pid: 0
   unique: 456, success, outsize: 16
unique: 457, opcode: LOOKUP (1), nodeid: 1, insize: 46, pid: 4071
getattr 000000006fd366b8 0
getdir 000000006fd366b8
   getattr -> 1534668260 1534668260 1534668260
   unique: 457, success, outsize: 144
unique: 458, opcode: LOOKUP (1), nodeid: 1876125368, insize: 46, pid: 4071
   unique: 458, error: -2 (No such file or directory), outsize: 16
unique: 459, opcode: CREATE (35), nodeid: 1876125368, insize: 62, pid: 4071
getattr 000000008b243a25 1
getfile 000000008b243a25
getfile 000000008b243a25 -> sz 0
   getattr -> 0
   unique: 459, success, outsize: 160
unique: 460, opcode: WRITE (16), nodeid: 2334407205, insize: 84, pid: 4071
   unique: 460, success, outsize: 24
unique: 461, opcode: RELEASE (18), nodeid: 2334407205, insize: 64, pid: 0
   unique: 461, success, outsize: 16
unique: 462, opcode: LOOKUP (1), nodeid: 1, insize: 46, pid: 4071
getattr 000000006fd366b8 0
getdir 000000006fd366b8
   getattr -> 1534668260 1534668260 1534668260
   unique: 462, success, outsize: 144
unique: 463, opcode: LOOKUP (1), nodeid: 1876125368, insize: 46, pid: 4071
   unique: 463, error: -2 (No such file or directory), outsize: 16
unique: 464, opcode: CREATE (35), nodeid: 1876125368, insize: 62, pid: 4071
getattr 000000009b52578d 1
getfile 000000009b52578d
getfile 000000009b52578d -> sz 0
   getattr -> 0
   unique: 464, success, outsize: 160
unique: 465, opcode: WRITE (16), nodeid: 2605864845, insize: 84, pid: 4071
   unique: 465, success, outsize: 24
unique: 466, opcode: RELEASE (18), nodeid: 2605864845, insize: 64, pid: 0
   unique: 466, success, outsize: 16
unique: 467, opcode: LOOKUP (1), nodeid: 1, insize: 46, pid: 4071
getattr 000000006fd366b8 0
getdir 000000006fd366b8
   getattr -> 1534668260 1534668260 1534668260
   unique: 467, success, outsize: 144
unique: 468, opcode: LOOKUP (1), nodeid: 1876125368, insize: 46, pid: 4071
   unique: 468, error: -2 (No such file or directory), outsize: 16
unique: 469, opcode: CREATE (35), nodeid: 1876125368, insize: 62, pid: 4071
getattr 000000008708e68e 1
getfile 000000008708e68e
getfile 000000008708e68e -> sz 0
   getattr -> 0
   unique: 469, success, outsize: 160
unique: 470, opcode: WRITE (16), nodeid: 2265507470, insize: 84, pid: 4071
   unique: 470, success, outsize: 24
unique: 471, opcode: RELEASE (18), nodeid: 2265507470, insize: 64, pid: 0
   unique: 471, success, outsize: 16
unique: 472, opcode: LOOKUP (1), nodeid: 1, insize: 46, pid: 4071
getattr 000000006fd366b8 0
getdir 000000006fd366b8
   getattr -> 1534668260 1534668260 1534668260
   unique: 472, success, outsize: 144
unique: 473, opcode: LOOKUP (1), nodeid: 1876125368, insize: 46, pid: 4071
   unique: 473, error: -2 (No such file or directory), outsize: 16
unique: 474, opcode: CREATE (35), nodeid: 1876125368, insize: 62, pid: 4071
getattr 00000000f96a67c4 1
getfile 00000000f96a67c4
getfile 00000000f96a67c4 -> sz 0
   getattr -> 0
   unique: 474, success, outsize: 160
unique: 475, opcode: WRITE (16), nodeid: 4184500164, insize: 84, pid: 4071
   unique: 475, success, outsize: 24
unique: 476, opcode: RELEASE (18), nodeid: 4184500164, insize: 64, pid: 0
   unique: 476, success, outsize: 16
unique: 477, opcode: LOOKUP (1), nodeid: 1, insize: 46, pid: 4071
getattr 000000006fd366b8 0
getdir 000000006fd366b8
   getattr -> 1534668260 1534668260 1534668260
   unique: 477, success, outsize: 144
unique: 478, opcode: LOOKUP (1), nodeid: 1876125368, insize: 46, pid: 4071
   unique: 478, error: -2 (No such file or directory), outsize: 16
unique: 479, opcode: CREATE (35), nodeid: 1876125368, insize: 62, pid: 4071
getattr 00000000d3c3ef03 1
getfile 00000000d3c3ef03
getfile 00000000d3c3ef03 -> sz 0
   getattr -> 0
   unique: 479, success, outsize: 160
unique: 480, opcode: WRITE (16), nodeid: 3552833283, insize: 84, pid: 4071
   unique: 480, success, outsize: 24
unique: 481, opcode: RELEASE (18), nodeid: 3552833283, insize: 64, pid: 0
   unique: 481, success, outsize: 16
unique: 482, opcode: LOOKUP (1), nodeid: 1, insize: 46, pid: 4071
getattr 000000006fd366b8 0
getdir 000000006fd366b8
   getattr -> 1534668260 1534668260 1534668260
   unique: 482, success, outsize: 144
unique: 483, opcode: LOOKUP (1), nodeid: 1876125368, insize: 46, pid: 4071
   unique: 483, error: -2 (No such file or directory), outsize: 16
unique: 484, opcode: CREATE (35), nodeid: 1876125368, insize: 62, pid: 4071
getattr 00000000ad6b61db 1
getfile 00000000ad6b61db
getfile 00000000ad6b61db -> sz 0
   getattr -> 0
   unique: 484, success, outsize: 160
unique: 485, opcode: WRITE (16), nodeid: 2909495771, insize: 84, pid: 4071
   unique: 485, success, outsize: 24
unique: 486, opcode: RELEASE (18), nodeid: 2909495771, insize: 64, pid: 0
   unique: 486, success, outsize: 16
unique: 487, opcode: LOOKUP (1), nodeid: 1, insize: 46, pid: 4071
getattr 000000006fd366b8 0
getdir 000000006fd366b8
   getattr -> 1534668260 1534668260 1534668260
   unique: 487, success, outsize: 144
unique: 488, opcode: LOOKUP (1), nodeid: 1876125368, insize: 46, pid: 4071
   unique: 488, error: -2 (No such file or directory), outsize: 16
unique: 489, opcode: CREATE (35), nodeid: 1876125368, insize: 62, pid: 4071
getattr 00000000ae6b619c 1
getfile 00000000ae6b619c
getfile 00000000ae6b619c -> sz 0
   getattr -> 0
   unique: 489, success, outsize: 160
unique: 490, opcode: WRITE (16), nodeid: 2926272924, insize: 84, pid: 4071
   unique: 490, success, outsize: 24
unique: 491, opcode: RELEASE (18), nodeid: 2926272924, insize: 64, pid: 0
   unique: 491, success, outsize: 16
unique: 492, opcode: LOOKUP (1), nodeid: 1, insize: 46, pid: 4071
getattr 000000006fd366b8 0
getdir 000000006fd366b8
   getattr -> 1534668260 1534668260 1534668260
   unique: 492, success, outsize: 144
unique: 493, opcode: OPENDIR (27), nodeid: 1876125368, insize: 48, pid: 4071
   unique: 493, success, outsize: 32
unique: 494, opcode: GETATTR (3), nodeid: 1876125368, insize: 56, pid: 4071
getattr 000000006fd366b8 0
getdir 000000006fd366b8
   getattr -> 1534668260 1534668260 1534668260
   unique: 494, success, outsize: 120
unique: 495, opcode: READDIR (28), nodeid: 1876125368, insize: 80, pid: 4071
fuseserver_readdir
   unique: 495, success, outsize: 1040
unique: 496, opcode: READDIR (28), nodeid: 1876125368, insize: 80, pid: 4071
fuseserver_readdir
   unique: 496, success, outsize: 16
unique: 497, opcode: RELEASEDIR (29), nodeid: 1876125368, insize: 64, pid: 0
   unique: 497, success, outsize: 16
unique: 498, opcode: GETATTR (3), nodeid: 1, insize: 56, pid: 4075
getattr 0000000000000001 0
getdir 0000000000000001
   getattr -> 1534668270 1534668235 1534668235
   unique: 498, success, outsize: 120
unique: 499, opcode: GETATTR (3), nodeid: 1, insize: 56, pid: 4113
getattr 0000000000000001 0
getdir 0000000000000001
   getattr -> 1534668270 1534668235 1534668235
   unique: 499, success, outsize: 120
unique: 500, opcode: BATCH_FORGET (42), nodeid: 0, insize: 400, pid: 0
